# JRE version: OpenJDK Runtime Environment Temurin-21.0.7+6 (21.0.7+6) (build 21.0.7+6-LTS)
# Java VM: OpenJDK 64-Bit Server VM Temurin-21.0.7+6 (21.0.7+6-LTS, mixed mode, sharing, tiered, compressed oops, compressed class ptrs, parallel gc, windows-amd64)
GC Precious Log:
 CardTable entry size: 512
 CPUs: 8 total, 8 available
 Memory: 7971M
 Large Page Support: Disabled
 NUMA Support: Disabled
 Compressed Oops: Enabled (32-bit)
 Alignments: Space 512K, Generation 512K, Heap 2M
 Heap Min Capacity: 100M
 Heap Initial Capacity: 100M
 Heap Max Capacity: 2G
 Pre-touch: Disabled
 Parallel Workers: 8
Heap:
 PSYoungGen      total 2560K, used 342K [0x00000000d5580000, 0x00000000d5c80000, 0x0000000100000000)
  eden space 2048K, 4% used [0x00000000d5580000,0x00000000d5595928,0x00000000d5780000)
  from space 512K, 50% used [0x00000000d5b80000,0x00000000d5bc0000,0x00000000d5c00000)
  to   space 512K, 0% used [0x00000000d5c00000,0x00000000d5c00000,0x00000000d5c80000)
 ParOldGen       total 415232K, used 415148K [0x0000000080000000, 0x0000000099580000, 0x00000000d5580000)
  object space 415232K, 99% used [0x0000000080000000,0x000000009956b0d0,0x0000000099580000)
 Metaspace       used 53362K, committed 54528K, reserved 1114112K
  class space    used 5717K, committed 6208K, reserved 1048576K
GC Heap History (20 events):
Event: 44.227 GC heap before
{Heap before GC invocations=265 (full 2):
 PSYoungGen      total 2560K, used 2336K [0x00000000d5580000, 0x00000000d5c80000, 0x0000000100000000)
  eden space 2048K, 100% used [0x00000000d5580000,0x00000000d5780000,0x00000000d5780000)
  from space 512K, 56% used [0x00000000d5c00000,0x00000000d5c48000,0x00000000d5c80000)
  to   space 512K, 0% used [0x00000000d5b80000,0x00000000d5b80000,0x00000000d5c00000)
 ParOldGen       total 412672K, used 412307K [0x0000000080000000, 0x0000000099300000, 0x00000000d5580000)
  object space 412672K, 99% used [0x0000000080000000,0x00000000992a4cd0,0x0000000099300000)
 Metaspace       used 53344K, committed 54464K, reserved 1114112K
  class space    used 5715K, committed 6208K, reserved 1048576K
}
Event: 44.228 GC heap after
{Heap after GC invocations=265 (full 2):
 PSYoungGen      total 2560K, used 384K [0x00000000d5580000, 0x00000000d5c80000, 0x0000000100000000)
  eden space 2048K, 0% used [0x00000000d5580000,0x00000000d5580000,0x00000000d5780000)
  from space 512K, 75% used [0x00000000d5b80000,0x00000000d5be0000,0x00000000d5c00000)
  to   space 512K, 0% used [0x00000000d5c00000,0x00000000d5c00000,0x00000000d5c80000)
 ParOldGen       total 412672K, used 412547K [0x0000000080000000, 0x0000000099300000, 0x00000000d5580000)
  object space 412672K, 99% used [0x0000000080000000,0x00000000992e0cd0,0x0000000099300000)
 Metaspace       used 53344K, committed 54464K, reserved 1114112K
  class space    used 5715K, committed 6208K, reserved 1048576K
}
Event: 44.235 GC heap before
{Heap before GC invocations=266 (full 2):
 PSYoungGen      total 2560K, used 2432K [0x00000000d5580000, 0x00000000d5c80000, 0x0000000100000000)
  eden space 2048K, 100% used [0x00000000d5580000,0x00000000d5780000,0x00000000d5780000)
  from space 512K, 75% used [0x00000000d5b80000,0x00000000d5be0000,0x00000000d5c00000)
  to   space 512K, 0% used [0x00000000d5c00000,0x00000000d5c00000,0x00000000d5c80000)
 ParOldGen       total 412672K, used 412547K [0x0000000080000000, 0x0000000099300000, 0x00000000d5580000)
  object space 412672K, 99% used [0x0000000080000000,0x00000000992e0cd0,0x0000000099300000)
 Metaspace       used 53344K, committed 54464K, reserved 1114112K
  class space    used 5715K, committed 6208K, reserved 1048576K
}
Event: 44.236 GC heap after
{Heap after GC invocations=266 (full 2):
 PSYoungGen      total 2560K, used 320K [0x00000000d5580000, 0x00000000d5c80000, 0x0000000100000000)
  eden space 2048K, 0% used [0x00000000d5580000,0x00000000d5580000,0x00000000d5780000)
  from space 512K, 62% used [0x00000000d5c00000,0x00000000d5c50000,0x00000000d5c80000)
  to   space 512K, 0% used [0x00000000d5b80000,0x00000000d5b80000,0x00000000d5c00000)
 ParOldGen       total 413184K, used 412779K [0x0000000080000000, 0x0000000099380000, 0x00000000d5580000)
  object space 413184K, 99% used [0x0000000080000000,0x000000009931acd0,0x0000000099380000)
 Metaspace       used 53344K, committed 54464K, reserved 1114112K
  class space    used 5715K, committed 6208K, reserved 1048576K
}
Event: 44.245 GC heap before
{Heap before GC invocations=267 (full 2):
 PSYoungGen      total 2560K, used 2368K [0x00000000d5580000, 0x00000000d5c80000, 0x0000000100000000)
  eden space 2048K, 100% used [0x00000000d5580000,0x00000000d5780000,0x00000000d5780000)
  from space 512K, 62% used [0x00000000d5c00000,0x00000000d5c50000,0x00000000d5c80000)
  to   space 512K, 0% used [0x00000000d5b80000,0x00000000d5b80000,0x00000000d5c00000)
 ParOldGen       total 413184K, used 412779K [0x0000000080000000, 0x0000000099380000, 0x00000000d5580000)
  object space 413184K, 99% used [0x0000000080000000,0x000000009931acd0,0x0000000099380000)
 Metaspace       used 53344K, committed 54464K, reserved 1114112K
  class space    used 5715K, committed 6208K, reserved 1048576K
}
Event: 44.247 GC heap after
{Heap after GC invocations=267 (full 2):
 PSYoungGen      total 2560K, used 320K [0x00000000d5580000, 0x00000000d5c80000, 0x0000000100000000)
  eden space 2048K, 0% used [0x00000000d5580000,0x00000000d5580000,0x00000000d5780000)
  from space 512K, 62% used [0x00000000d5b80000,0x00000000d5bd0000,0x00000000d5c00000)
  to   space 512K, 0% used [0x00000000d5c00000,0x00000000d5c00000,0x00000000d5c80000)
 ParOldGen       total 413184K, used 413019K [0x0000000080000000, 0x0000000099380000, 0x00000000d5580000)
  object space 413184K, 99% used [0x0000000080000000,0x0000000099356cd0,0x0000000099380000)
 Metaspace       used 53344K, committed 54464K, reserved 1114112K
  class space    used 5715K, committed 6208K, reserved 1048576K
}
Event: 44.317 GC heap before
{Heap before GC invocations=268 (full 2):
 PSYoungGen      total 2560K, used 2368K [0x00000000d5580000, 0x00000000d5c80000, 0x0000000100000000)
  eden space 2048K, 100% used [0x00000000d5580000,0x00000000d5780000,0x00000000d5780000)
  from space 512K, 62% used [0x00000000d5b80000,0x00000000d5bd0000,0x00000000d5c00000)
  to   space 512K, 0% used [0x00000000d5c00000,0x00000000d5c00000,0x00000000d5c80000)
 ParOldGen       total 413184K, used 413019K [0x0000000080000000, 0x0000000099380000, 0x00000000d5580000)
  object space 413184K, 99% used [0x0000000080000000,0x0000000099356cd0,0x0000000099380000)
 Metaspace       used 53351K, committed 54464K, reserved 1114112K
  class space    used 5715K, committed 6208K, reserved 1048576K
}
Event: 44.319 GC heap after
{Heap after GC invocations=268 (full 2):
 PSYoungGen      total 2560K, used 224K [0x00000000d5580000, 0x00000000d5c80000, 0x0000000100000000)
  eden space 2048K, 0% used [0x00000000d5580000,0x00000000d5580000,0x00000000d5780000)
  from space 512K, 43% used [0x00000000d5c00000,0x00000000d5c38000,0x00000000d5c80000)
  to   space 512K, 0% used [0x00000000d5b80000,0x00000000d5b80000,0x00000000d5c00000)
 ParOldGen       total 413696K, used 413235K [0x0000000080000000, 0x0000000099400000, 0x00000000d5580000)
  object space 413696K, 99% used [0x0000000080000000,0x000000009938ccd0,0x0000000099400000)
 Metaspace       used 53351K, committed 54464K, reserved 1114112K
  class space    used 5715K, committed 6208K, reserved 1048576K
}
Event: 44.380 GC heap before
{Heap before GC invocations=269 (full 2):
 PSYoungGen      total 2560K, used 2272K [0x00000000d5580000, 0x00000000d5c80000, 0x0000000100000000)
  eden space 2048K, 100% used [0x00000000d5580000,0x00000000d5780000,0x00000000d5780000)
  from space 512K, 43% used [0x00000000d5c00000,0x00000000d5c38000,0x00000000d5c80000)
  to   space 512K, 0% used [0x00000000d5b80000,0x00000000d5b80000,0x00000000d5c00000)
 ParOldGen       total 413696K, used 413235K [0x0000000080000000, 0x0000000099400000, 0x00000000d5580000)
  object space 413696K, 99% used [0x0000000080000000,0x000000009938ccd0,0x0000000099400000)
 Metaspace       used 53352K, committed 54464K, reserved 1114112K
  class space    used 5715K, committed 6208K, reserved 1048576K
}
Event: 44.381 GC heap after
{Heap after GC invocations=269 (full 2):
 PSYoungGen      total 2560K, used 439K [0x00000000d5580000, 0x00000000d5c80000, 0x0000000100000000)
  eden space 2048K, 0% used [0x00000000d5580000,0x00000000d5580000,0x00000000d5780000)
  from space 512K, 85% used [0x00000000d5b80000,0x00000000d5bedff0,0x00000000d5c00000)
  to   space 512K, 0% used [0x00000000d5c00000,0x00000000d5c00000,0x00000000d5c80000)
 ParOldGen       total 413696K, used 413355K [0x0000000080000000, 0x0000000099400000, 0x00000000d5580000)
  object space 413696K, 99% used [0x0000000080000000,0x00000000993aacd0,0x0000000099400000)
 Metaspace       used 53352K, committed 54464K, reserved 1114112K
  class space    used 5715K, committed 6208K, reserved 1048576K
}
Event: 44.388 GC heap before
{Heap before GC invocations=270 (full 2):
 PSYoungGen      total 2560K, used 2487K [0x00000000d5580000, 0x00000000d5c80000, 0x0000000100000000)
  eden space 2048K, 100% used [0x00000000d5580000,0x00000000d5780000,0x00000000d5780000)
  from space 512K, 85% used [0x00000000d5b80000,0x00000000d5bedff0,0x00000000d5c00000)
  to   space 512K, 0% used [0x00000000d5c00000,0x00000000d5c00000,0x00000000d5c80000)
 ParOldGen       total 413696K, used 413355K [0x0000000080000000, 0x0000000099400000, 0x00000000d5580000)
  object space 413696K, 99% used [0x0000000080000000,0x00000000993aacd0,0x0000000099400000)
 Metaspace       used 53361K, committed 54528K, reserved 1114112K
  class space    used 5717K, committed 6208K, reserved 1048576K
}
Event: 44.391 GC heap after
{Heap after GC invocations=270 (full 2):
 PSYoungGen      total 2560K, used 384K [0x00000000d5580000, 0x00000000d5c80000, 0x0000000100000000)
  eden space 2048K, 0% used [0x00000000d5580000,0x00000000d5580000,0x00000000d5780000)
  from space 512K, 75% used [0x00000000d5c00000,0x00000000d5c60000,0x00000000d5c80000)
  to   space 512K, 0% used [0x00000000d5b80000,0x00000000d5b80000,0x00000000d5c00000)
 ParOldGen       total 413696K, used 413683K [0x0000000080000000, 0x0000000099400000, 0x00000000d5580000)
  object space 413696K, 99% used [0x0000000080000000,0x00000000993fccc0,0x0000000099400000)
 Metaspace       used 53361K, committed 54528K, reserved 1114112K
  class space    used 5717K, committed 6208K, reserved 1048576K
}
Event: 44.398 GC heap before
{Heap before GC invocations=271 (full 2):
 PSYoungGen      total 2560K, used 2422K [0x00000000d5580000, 0x00000000d5c80000, 0x0000000100000000)
  eden space 2048K, 99% used [0x00000000d5580000,0x00000000d577d8a0,0x00000000d5780000)
  from space 512K, 75% used [0x00000000d5c00000,0x00000000d5c60000,0x00000000d5c80000)
  to   space 512K, 0% used [0x00000000d5b80000,0x00000000d5b80000,0x00000000d5c00000)
 ParOldGen       total 413696K, used 413683K [0x0000000080000000, 0x0000000099400000, 0x00000000d5580000)
  object space 413696K, 99% used [0x0000000080000000,0x00000000993fccc0,0x0000000099400000)
 Metaspace       used 53361K, committed 54528K, reserved 1114112K
  class space    used 5717K, committed 6208K, reserved 1048576K
}
Event: 44.400 GC heap after
{Heap after GC invocations=271 (full 2):
 PSYoungGen      total 2560K, used 443K [0x00000000d5580000, 0x00000000d5c80000, 0x0000000100000000)
  eden space 2048K, 0% used [0x00000000d5580000,0x00000000d5580000,0x00000000d5780000)
  from space 512K, 86% used [0x00000000d5b80000,0x00000000d5beec08,0x00000000d5c00000)
  to   space 512K, 0% used [0x00000000d5c00000,0x00000000d5c00000,0x00000000d5c80000)
 ParOldGen       total 414208K, used 413939K [0x0000000080000000, 0x0000000099480000, 0x00000000d5580000)
  object space 414208K, 99% used [0x0000000080000000,0x000000009943ccc0,0x0000000099480000)
 Metaspace       used 53361K, committed 54528K, reserved 1114112K
  class space    used 5717K, committed 6208K, reserved 1048576K
}
Event: 44.407 GC heap before
{Heap before GC invocations=272 (full 2):
 PSYoungGen      total 2560K, used 2491K [0x00000000d5580000, 0x00000000d5c80000, 0x0000000100000000)
  eden space 2048K, 100% used [0x00000000d5580000,0x00000000d5780000,0x00000000d5780000)
  from space 512K, 86% used [0x00000000d5b80000,0x00000000d5beec08,0x00000000d5c00000)
  to   space 512K, 0% used [0x00000000d5c00000,0x00000000d5c00000,0x00000000d5c80000)
 ParOldGen       total 414208K, used 413939K [0x0000000080000000, 0x0000000099480000, 0x00000000d5580000)
  object space 414208K, 99% used [0x0000000080000000,0x000000009943ccc0,0x0000000099480000)
 Metaspace       used 53362K, committed 54528K, reserved 1114112K
  class space    used 5717K, committed 6208K, reserved 1048576K
}
Event: 44.409 GC heap after
{Heap after GC invocations=272 (full 2):
 PSYoungGen      total 2560K, used 384K [0x00000000d5580000, 0x00000000d5c80000, 0x0000000100000000)
  eden space 2048K, 0% used [0x00000000d5580000,0x00000000d5580000,0x00000000d5780000)
  from space 512K, 75% used [0x00000000d5c00000,0x00000000d5c60000,0x00000000d5c80000)
  to   space 512K, 0% used [0x00000000d5b80000,0x00000000d5b80000,0x00000000d5c00000)
 ParOldGen       total 414720K, used 414262K [0x0000000080000000, 0x0000000099500000, 0x00000000d5580000)
  object space 414720K, 99% used [0x0000000080000000,0x000000009948d8c8,0x0000000099500000)
 Metaspace       used 53362K, committed 54528K, reserved 1114112K
  class space    used 5717K, committed 6208K, reserved 1048576K
}
Event: 44.416 GC heap before
{Heap before GC invocations=273 (full 2):
 PSYoungGen      total 2560K, used 2432K [0x00000000d5580000, 0x00000000d5c80000, 0x0000000100000000)
  eden space 2048K, 100% used [0x00000000d5580000,0x00000000d5780000,0x00000000d5780000)
  from space 512K, 75% used [0x00000000d5c00000,0x00000000d5c60000,0x00000000d5c80000)
  to   space 512K, 0% used [0x00000000d5b80000,0x00000000d5b80000,0x00000000d5c00000)
 ParOldGen       total 414720K, used 414262K [0x0000000080000000, 0x0000000099500000, 0x00000000d5580000)
  object space 414720K, 99% used [0x0000000080000000,0x000000009948d8c8,0x0000000099500000)
 Metaspace       used 53362K, committed 54528K, reserved 1114112K
  class space    used 5717K, committed 6208K, reserved 1048576K
}
Event: 44.418 GC heap after
{Heap after GC invocations=273 (full 2):
 PSYoungGen      total 2560K, used 352K [0x00000000d5580000, 0x00000000d5c80000, 0x0000000100000000)
  eden space 2048K, 0% used [0x00000000d5580000,0x00000000d5580000,0x00000000d5780000)
  from space 512K, 68% used [0x00000000d5b80000,0x00000000d5bd8000,0x00000000d5c00000)
  to   space 512K, 0% used [0x00000000d5c00000,0x00000000d5c00000,0x00000000d5c80000)
 ParOldGen       total 414720K, used 414590K [0x0000000080000000, 0x0000000099500000, 0x00000000d5580000)
  object space 414720K, 99% used [0x0000000080000000,0x00000000994df8c8,0x0000000099500000)
 Metaspace       used 53362K, committed 54528K, reserved 1114112K
  class space    used 5717K, committed 6208K, reserved 1048576K
}
Event: 44.424 GC heap before
{Heap before GC invocations=274 (full 2):
 PSYoungGen      total 2560K, used 2387K [0x00000000d5580000, 0x00000000d5c80000, 0x0000000100000000)
  eden space 2048K, 99% used [0x00000000d5580000,0x00000000d577ccb8,0x00000000d5780000)
  from space 512K, 68% used [0x00000000d5b80000,0x00000000d5bd8000,0x00000000d5c00000)
  to   space 512K, 0% used [0x00000000d5c00000,0x00000000d5c00000,0x00000000d5c80000)
 ParOldGen       total 414720K, used 414590K [0x0000000080000000, 0x0000000099500000, 0x00000000d5580000)
  object space 414720K, 99% used [0x0000000080000000,0x00000000994df8c8,0x0000000099500000)
 Metaspace       used 53362K, committed 54528K, reserved 1114112K
  class space    used 5717K, committed 6208K, reserved 1048576K
}
Event: 44.426 GC heap after
{Heap after GC invocations=274 (full 2):
 PSYoungGen      total 2560K, used 342K [0x00000000d5580000, 0x00000000d5c80000, 0x0000000100000000)
  eden space 2048K, 0% used [0x00000000d5580000,0x00000000d5580000,0x00000000d5780000)
  from space 512K, 66% used [0x00000000d5c00000,0x00000000d5c55808,0x00000000d5c80000)
  to   space 512K, 0% used [0x00000000d5b80000,0x00000000d5b80000,0x00000000d5c00000)
 ParOldGen       total 415232K, used 414854K [0x0000000080000000, 0x0000000099580000, 0x00000000d5580000)
  object space 415232K, 99% used [0x0000000080000000,0x00000000995218c8,0x0000000099580000)
 Metaspace       used 53362K, committed 54528K, reserved 1114112K
  class space    used 5717K, committed 6208K, reserved 1048576K
}

