# JRE version: OpenJDK Runtime Environment Temurin-21.0.7+6 (21.0.7+6) (build 21.0.7+6-LTS)
# Java VM: OpenJDK 64-Bit Server VM Temurin-21.0.7+6 (21.0.7+6-LTS, mixed mode, sharing, tiered, compressed oops, compressed class ptrs, parallel gc, windows-amd64)
GC Precious Log:
 CardTable entry size: 512
 CPUs: 8 total, 8 available
 Memory: 7971M
 Large Page Support: Disabled
 NUMA Support: Disabled
 Compressed Oops: Enabled (32-bit)
 Alignments: Space 512K, Generation 512K, Heap 2M
 Heap Min Capacity: 100M
 Heap Initial Capacity: 100M
 Heap Max Capacity: 2G
 Pre-touch: Disabled
 Parallel Workers: 8
Heap:
 PSYoungGen      total 13824K, used 13516K [0x00000000d5580000, 0x00000000d6880000, 0x0000000100000000)
  eden space 11776K, 100% used [0x00000000d5580000,0x00000000d6100000,0x00000000d6100000)
  from space 2048K, 84% used [0x00000000d6500000,0x00000000d66b3008,0x00000000d6700000)
  to   space 1536K, 99% used [0x00000000d6700000,0x00000000d687d2f0,0x00000000d6880000)
 ParOldGen       total 435712K, used 435366K [0x0000000080000000, 0x000000009a980000, 0x00000000d5580000)
  object space 435712K, 99% used [0x0000000080000000,0x000000009a929bf0,0x000000009a980000)
 Metaspace       used 66242K, committed 67776K, reserved 1114112K
  class space    used 6820K, committed 7488K, reserved 1048576K
GC Heap History (20 events):
Event: 24.208 GC heap before
{Heap before GC invocations=381 (full 3):
 PSYoungGen      total 15872K, used 15871K [0x00000000d5580000, 0x00000000d7680000, 0x0000000100000000)
  eden space 11776K, 100% used [0x00000000d5580000,0x00000000d6100000,0x00000000d6100000)
  from space 4096K, 99% used [0x00000000d6100000,0x00000000d64ffe88,0x00000000d6500000)
  to   space 9728K, 0% used [0x00000000d6d00000,0x00000000d6d00000,0x00000000d7680000)
 ParOldGen       total 368128K, used 367877K [0x0000000080000000, 0x0000000096780000, 0x00000000d5580000)
  object space 368128K, 99% used [0x0000000080000000,0x0000000096741560,0x0000000096780000)
 Metaspace       used 66188K, committed 67712K, reserved 1114112K
  class space    used 6817K, committed 7488K, reserved 1048576K
}
Event: 24.216 GC heap after
{Heap after GC invocations=381 (full 3):
 PSYoungGen      total 15872K, used 3604K [0x00000000d5580000, 0x00000000d7100000, 0x0000000100000000)
  eden space 11776K, 0% used [0x00000000d5580000,0x00000000d5580000,0x00000000d6100000)
  from space 4096K, 88% used [0x00000000d6d00000,0x00000000d70853d0,0x00000000d7100000)
  to   space 5632K, 0% used [0x00000000d6600000,0x00000000d6600000,0x00000000d6b80000)
 ParOldGen       total 372224K, used 371798K [0x0000000080000000, 0x0000000096b80000, 0x00000000d5580000)
  object space 372224K, 99% used [0x0000000080000000,0x0000000096b15990,0x0000000096b80000)
 Metaspace       used 66188K, committed 67712K, reserved 1114112K
  class space    used 6817K, committed 7488K, reserved 1048576K
}
Event: 24.451 GC heap before
{Heap before GC invocations=382 (full 3):
 PSYoungGen      total 15872K, used 15380K [0x00000000d5580000, 0x00000000d7100000, 0x0000000100000000)
  eden space 11776K, 100% used [0x00000000d5580000,0x00000000d6100000,0x00000000d6100000)
  from space 4096K, 88% used [0x00000000d6d00000,0x00000000d70853d0,0x00000000d7100000)
  to   space 5632K, 0% used [0x00000000d6600000,0x00000000d6600000,0x00000000d6b80000)
 ParOldGen       total 372224K, used 371798K [0x0000000080000000, 0x0000000096b80000, 0x00000000d5580000)
  object space 372224K, 99% used [0x0000000080000000,0x0000000096b15990,0x0000000096b80000)
 Metaspace       used 66192K, committed 67712K, reserved 1114112K
  class space    used 6818K, committed 7488K, reserved 1048576K
}
Event: 24.462 GC heap after
{Heap after GC invocations=382 (full 3):
 PSYoungGen      total 17408K, used 5617K [0x00000000d5580000, 0x00000000d7900000, 0x0000000100000000)
  eden space 11776K, 0% used [0x00000000d5580000,0x00000000d5580000,0x00000000d6100000)
  from space 5632K, 99% used [0x00000000d6600000,0x00000000d6b7c7d0,0x00000000d6b80000)
  to   space 12288K, 0% used [0x00000000d6d00000,0x00000000d6d00000,0x00000000d7900000)
 ParOldGen       total 377344K, used 376890K [0x0000000080000000, 0x0000000097080000, 0x00000000d5580000)
  object space 377344K, 99% used [0x0000000080000000,0x000000009700e8f0,0x0000000097080000)
 Metaspace       used 66192K, committed 67712K, reserved 1114112K
  class space    used 6818K, committed 7488K, reserved 1048576K
}
Event: 24.707 GC heap before
{Heap before GC invocations=383 (full 3):
 PSYoungGen      total 17408K, used 17393K [0x00000000d5580000, 0x00000000d7900000, 0x0000000100000000)
  eden space 11776K, 100% used [0x00000000d5580000,0x00000000d6100000,0x00000000d6100000)
  from space 5632K, 99% used [0x00000000d6600000,0x00000000d6b7c7d0,0x00000000d6b80000)
  to   space 12288K, 0% used [0x00000000d6d00000,0x00000000d6d00000,0x00000000d7900000)
 ParOldGen       total 377344K, used 376890K [0x0000000080000000, 0x0000000097080000, 0x00000000d5580000)
  object space 377344K, 99% used [0x0000000080000000,0x000000009700e8f0,0x0000000097080000)
 Metaspace       used 66192K, committed 67712K, reserved 1114112K
  class space    used 6818K, committed 7488K, reserved 1048576K
}
Event: 24.725 GC heap after
{Heap after GC invocations=383 (full 3):
 PSYoungGen      total 23040K, used 11014K [0x00000000d5580000, 0x00000000d7800000, 0x0000000100000000)
  eden space 11776K, 0% used [0x00000000d5580000,0x00000000d5580000,0x00000000d6100000)
  from space 11264K, 97% used [0x00000000d6d00000,0x00000000d77c1ba0,0x00000000d7800000)
  to   space 11776K, 0% used [0x00000000d6100000,0x00000000d6100000,0x00000000d6c80000)
 ParOldGen       total 380416K, used 379952K [0x0000000080000000, 0x0000000097380000, 0x00000000d5580000)
  object space 380416K, 99% used [0x0000000080000000,0x000000009730c0b0,0x0000000097380000)
 Metaspace       used 66192K, committed 67712K, reserved 1114112K
  class space    used 6818K, committed 7488K, reserved 1048576K
}
Event: 24.960 GC heap before
{Heap before GC invocations=384 (full 3):
 PSYoungGen      total 23040K, used 22790K [0x00000000d5580000, 0x00000000d7800000, 0x0000000100000000)
  eden space 11776K, 100% used [0x00000000d5580000,0x00000000d6100000,0x00000000d6100000)
  from space 11264K, 97% used [0x00000000d6d00000,0x00000000d77c1ba0,0x00000000d7800000)
  to   space 11776K, 0% used [0x00000000d6100000,0x00000000d6100000,0x00000000d6c80000)
 ParOldGen       total 380416K, used 379952K [0x0000000080000000, 0x0000000097380000, 0x00000000d5580000)
  object space 380416K, 99% used [0x0000000080000000,0x000000009730c0b0,0x0000000097380000)
 Metaspace       used 66192K, committed 67712K, reserved 1114112K
  class space    used 6818K, committed 7488K, reserved 1048576K
}
Event: 24.975 GC heap after
{Heap after GC invocations=384 (full 3):
 PSYoungGen      total 23552K, used 11770K [0x00000000d5580000, 0x00000000d7900000, 0x0000000100000000)
  eden space 11776K, 0% used [0x00000000d5580000,0x00000000d5580000,0x00000000d6100000)
  from space 11776K, 99% used [0x00000000d6100000,0x00000000d6c7e838,0x00000000d6c80000)
  to   space 12288K, 0% used [0x00000000d6d00000,0x00000000d6d00000,0x00000000d7900000)
 ParOldGen       total 389120K, used 388817K [0x0000000080000000, 0x0000000097c00000, 0x00000000d5580000)
  object space 389120K, 99% used [0x0000000080000000,0x0000000097bb46e0,0x0000000097c00000)
 Metaspace       used 66192K, committed 67712K, reserved 1114112K
  class space    used 6818K, committed 7488K, reserved 1048576K
}
Event: 25.211 GC heap before
{Heap before GC invocations=385 (full 3):
 PSYoungGen      total 23552K, used 23546K [0x00000000d5580000, 0x00000000d7900000, 0x0000000100000000)
  eden space 11776K, 100% used [0x00000000d5580000,0x00000000d6100000,0x00000000d6100000)
  from space 11776K, 99% used [0x00000000d6100000,0x00000000d6c7e838,0x00000000d6c80000)
  to   space 12288K, 0% used [0x00000000d6d00000,0x00000000d6d00000,0x00000000d7900000)
 ParOldGen       total 389120K, used 388817K [0x0000000080000000, 0x0000000097c00000, 0x00000000d5580000)
  object space 389120K, 99% used [0x0000000080000000,0x0000000097bb46e0,0x0000000097c00000)
 Metaspace       used 66192K, committed 67712K, reserved 1114112K
  class space    used 6818K, committed 7488K, reserved 1048576K
}
Event: 25.235 GC heap after
{Heap after GC invocations=385 (full 3):
 PSYoungGen      total 24064K, used 11806K [0x00000000d5580000, 0x00000000d7900000, 0x0000000100000000)
  eden space 11776K, 0% used [0x00000000d5580000,0x00000000d5580000,0x00000000d6100000)
  from space 12288K, 96% used [0x00000000d6d00000,0x00000000d78878e8,0x00000000d7900000)
  to   space 12288K, 0% used [0x00000000d6100000,0x00000000d6100000,0x00000000d6d00000)
 ParOldGen       total 400384K, used 400334K [0x0000000080000000, 0x0000000098700000, 0x00000000d5580000)
  object space 400384K, 99% used [0x0000000080000000,0x00000000986f3870,0x0000000098700000)
 Metaspace       used 66192K, committed 67712K, reserved 1114112K
  class space    used 6818K, committed 7488K, reserved 1048576K
}
Event: 25.471 GC heap before
{Heap before GC invocations=386 (full 3):
 PSYoungGen      total 24064K, used 23073K [0x00000000d5580000, 0x00000000d7900000, 0x0000000100000000)
  eden space 11776K, 95% used [0x00000000d5580000,0x00000000d6080d60,0x00000000d6100000)
  from space 12288K, 96% used [0x00000000d6d00000,0x00000000d78878e8,0x00000000d7900000)
  to   space 12288K, 0% used [0x00000000d6100000,0x00000000d6100000,0x00000000d6d00000)
 ParOldGen       total 400384K, used 400334K [0x0000000080000000, 0x0000000098700000, 0x00000000d5580000)
  object space 400384K, 99% used [0x0000000080000000,0x00000000986f3870,0x0000000098700000)
 Metaspace       used 66192K, committed 67712K, reserved 1114112K
  class space    used 6818K, committed 7488K, reserved 1048576K
}
Event: 25.497 GC heap after
{Heap after GC invocations=386 (full 3):
 PSYoungGen      total 23040K, used 11144K [0x00000000d5580000, 0x00000000d7800000, 0x0000000100000000)
  eden space 11776K, 0% used [0x00000000d5580000,0x00000000d5580000,0x00000000d6100000)
  from space 11264K, 98% used [0x00000000d6100000,0x00000000d6be2388,0x00000000d6c00000)
  to   space 11776K, 0% used [0x00000000d6c80000,0x00000000d6c80000,0x00000000d7800000)
 ParOldGen       total 412160K, used 411953K [0x0000000080000000, 0x0000000099280000, 0x00000000d5580000)
  object space 412160K, 99% used [0x0000000080000000,0x000000009924c548,0x0000000099280000)
 Metaspace       used 66192K, committed 67712K, reserved 1114112K
  class space    used 6818K, committed 7488K, reserved 1048576K
}
Event: 26.377 GC heap before
{Heap before GC invocations=387 (full 3):
 PSYoungGen      total 23040K, used 22920K [0x00000000d5580000, 0x00000000d7800000, 0x0000000100000000)
  eden space 11776K, 100% used [0x00000000d5580000,0x00000000d6100000,0x00000000d6100000)
  from space 11264K, 98% used [0x00000000d6100000,0x00000000d6be2388,0x00000000d6c00000)
  to   space 11776K, 0% used [0x00000000d6c80000,0x00000000d6c80000,0x00000000d7800000)
 ParOldGen       total 412160K, used 411953K [0x0000000080000000, 0x0000000099280000, 0x00000000d5580000)
  object space 412160K, 99% used [0x0000000080000000,0x000000009924c548,0x0000000099280000)
 Metaspace       used 66214K, committed 67712K, reserved 1114112K
  class space    used 6818K, committed 7488K, reserved 1048576K
}
Event: 26.404 GC heap after
{Heap after GC invocations=387 (full 3):
 PSYoungGen      total 20992K, used 8999K [0x00000000d5580000, 0x00000000d7580000, 0x0000000100000000)
  eden space 11776K, 0% used [0x00000000d5580000,0x00000000d5580000,0x00000000d6100000)
  from space 9216K, 97% used [0x00000000d6c80000,0x00000000d7549c08,0x00000000d7580000)
  to   space 10240K, 0% used [0x00000000d6180000,0x00000000d6180000,0x00000000d6b80000)
 ParOldGen       total 421888K, used 421408K [0x0000000080000000, 0x0000000099c00000, 0x00000000d5580000)
  object space 421888K, 99% used [0x0000000080000000,0x0000000099b88090,0x0000000099c00000)
 Metaspace       used 66214K, committed 67712K, reserved 1114112K
  class space    used 6818K, committed 7488K, reserved 1048576K
}
Event: 26.578 GC heap before
{Heap before GC invocations=388 (full 3):
 PSYoungGen      total 20992K, used 20775K [0x00000000d5580000, 0x00000000d7580000, 0x0000000100000000)
  eden space 11776K, 100% used [0x00000000d5580000,0x00000000d6100000,0x00000000d6100000)
  from space 9216K, 97% used [0x00000000d6c80000,0x00000000d7549c08,0x00000000d7580000)
  to   space 10240K, 0% used [0x00000000d6180000,0x00000000d6180000,0x00000000d6b80000)
 ParOldGen       total 421888K, used 421408K [0x0000000080000000, 0x0000000099c00000, 0x00000000d5580000)
  object space 421888K, 99% used [0x0000000080000000,0x0000000099b88090,0x0000000099c00000)
 Metaspace       used 66241K, committed 67776K, reserved 1114112K
  class space    used 6820K, committed 7488K, reserved 1048576K
}
Event: 26.602 GC heap after
{Heap after GC invocations=388 (full 3):
 PSYoungGen      total 14336K, used 2374K [0x00000000d5580000, 0x00000000d6d00000, 0x0000000100000000)
  eden space 11776K, 0% used [0x00000000d5580000,0x00000000d5580000,0x00000000d6100000)
  from space 2560K, 92% used [0x00000000d6180000,0x00000000d63d19c0,0x00000000d6400000)
  to   space 5120K, 0% used [0x00000000d6800000,0x00000000d6800000,0x00000000d6d00000)
 ParOldGen       total 430592K, used 430262K [0x0000000080000000, 0x000000009a480000, 0x00000000d5580000)
  object space 430592K, 99% used [0x0000000080000000,0x000000009a42dbc0,0x000000009a480000)
 Metaspace       used 66241K, committed 67776K, reserved 1114112K
  class space    used 6820K, committed 7488K, reserved 1048576K
}
Event: 26.671 GC heap before
{Heap before GC invocations=389 (full 3):
 PSYoungGen      total 14336K, used 14150K [0x00000000d5580000, 0x00000000d6d00000, 0x0000000100000000)
  eden space 11776K, 100% used [0x00000000d5580000,0x00000000d6100000,0x00000000d6100000)
  from space 2560K, 92% used [0x00000000d6180000,0x00000000d63d19c0,0x00000000d6400000)
  to   space 5120K, 0% used [0x00000000d6800000,0x00000000d6800000,0x00000000d6d00000)
 ParOldGen       total 430592K, used 430262K [0x0000000080000000, 0x000000009a480000, 0x00000000d5580000)
  object space 430592K, 99% used [0x0000000080000000,0x000000009a42dbc0,0x000000009a480000)
 Metaspace       used 66242K, committed 67776K, reserved 1114112K
  class space    used 6820K, committed 7488K, reserved 1048576K
}
Event: 26.676 GC heap after
{Heap after GC invocations=389 (full 3):
 PSYoungGen      total 13824K, used 1632K [0x00000000d5580000, 0x00000000d6a00000, 0x0000000100000000)
  eden space 11776K, 0% used [0x00000000d5580000,0x00000000d5580000,0x00000000d6100000)
  from space 2048K, 79% used [0x00000000d6800000,0x00000000d6998000,0x00000000d6a00000)
  to   space 2560K, 0% used [0x00000000d6500000,0x00000000d6500000,0x00000000d6780000)
 ParOldGen       total 432640K, used 432460K [0x0000000080000000, 0x000000009a680000, 0x00000000d5580000)
  object space 432640K, 99% used [0x0000000080000000,0x000000009a6530e0,0x000000009a680000)
 Metaspace       used 66242K, committed 67776K, reserved 1114112K
  class space    used 6820K, committed 7488K, reserved 1048576K
}
Event: 26.755 GC heap before
{Heap before GC invocations=390 (full 3):
 PSYoungGen      total 13824K, used 13408K [0x00000000d5580000, 0x00000000d6a00000, 0x0000000100000000)
  eden space 11776K, 100% used [0x00000000d5580000,0x00000000d6100000,0x00000000d6100000)
  from space 2048K, 79% used [0x00000000d6800000,0x00000000d6998000,0x00000000d6a00000)
  to   space 2560K, 0% used [0x00000000d6500000,0x00000000d6500000,0x00000000d6780000)
 ParOldGen       total 432640K, used 432460K [0x0000000080000000, 0x000000009a680000, 0x00000000d5580000)
  object space 432640K, 99% used [0x0000000080000000,0x000000009a6530e0,0x000000009a680000)
 Metaspace       used 66242K, committed 67776K, reserved 1114112K
  class space    used 6820K, committed 7488K, reserved 1048576K
}
Event: 26.759 GC heap after
{Heap after GC invocations=390 (full 3):
 PSYoungGen      total 13824K, used 1740K [0x00000000d5580000, 0x00000000d6880000, 0x0000000100000000)
  eden space 11776K, 0% used [0x00000000d5580000,0x00000000d5580000,0x00000000d6100000)
  from space 2048K, 84% used [0x00000000d6500000,0x00000000d66b3008,0x00000000d6700000)
  to   space 1536K, 0% used [0x00000000d6700000,0x00000000d6700000,0x00000000d6880000)
 ParOldGen       total 434176K, used 433892K [0x0000000080000000, 0x000000009a800000, 0x00000000d5580000)
  object space 434176K, 99% used [0x0000000080000000,0x000000009a7b90e0,0x000000009a800000)
 Metaspace       used 66242K, committed 67776K, reserved 1114112K
  class space    used 6820K, committed 7488K, reserved 1048576K
}

