# JRE version: OpenJDK Runtime Environment Temurin-21.0.7+6 (21.0.7+6) (build 21.0.7+6-LTS)
# Java VM: OpenJDK 64-Bit Server VM Temurin-21.0.7+6 (21.0.7+6-LTS, mixed mode, sharing, tiered, compressed oops, compressed class ptrs, parallel gc, windows-amd64)
GC Precious Log:
 CardTable entry size: 512
 CPUs: 8 total, 8 available
 Memory: 7971M
 Large Page Support: Disabled
 NUMA Support: Disabled
 Compressed Oops: Enabled (32-bit)
 Alignments: Space 512K, Generation 512K, Heap 2M
 Heap Min Capacity: 100M
 Heap Initial Capacity: 100M
 Heap Max Capacity: 2G
 Pre-touch: Disabled
 Parallel Workers: 8
Heap:
 PSYoungGen      total 6144K, used 5506K [0x00000000d5580000, 0x00000000d5e80000, 0x0000000100000000)
  eden space 5120K, 87% used [0x00000000d5580000,0x00000000d59e0ae0,0x00000000d5a80000)
  from space 1024K, 100% used [0x00000000d5a80000,0x00000000d5b80000,0x00000000d5b80000)
  to   space 2048K, 0% used [0x00000000d5c80000,0x00000000d5c80000,0x00000000d5e80000)
 ParOldGen       total 1051648K, used 559310K [0x0000000080000000, 0x00000000c0300000, 0x00000000d5580000)
  object space 1051648K, 53% used [0x0000000080000000,0x00000000a2233b48,0x00000000c0300000)
 Metaspace       used 85451K, committed 87168K, reserved 1179648K
  class space    used 8834K, committed 9600K, reserved 1048576K
GC Heap History (20 events):
Event: 1034.548 GC heap before
{Heap before GC invocations=1779 (full 4):
 PSYoungGen      total 2560K, used 2266K [0x00000000d5580000, 0x00000000d5900000, 0x0000000100000000)
  eden space 2048K, 100% used [0x00000000d5580000,0x00000000d5780000,0x00000000d5780000)
  from space 512K, 42% used [0x00000000d5880000,0x00000000d58b6900,0x00000000d5900000)
  to   space 512K, 0% used [0x00000000d5800000,0x00000000d5800000,0x00000000d5880000)
 ParOldGen       total 1051648K, used 545412K [0x0000000080000000, 0x00000000c0300000, 0x00000000d5580000)
  object space 1051648K, 51% used [0x0000000080000000,0x00000000a14a11c8,0x00000000c0300000)
 Metaspace       used 84882K, committed 86592K, reserved 1179648K
  class space    used 8742K, committed 9472K, reserved 1048576K
}
Event: 1034.550 GC heap after
{Heap after GC invocations=1779 (full 4):
 PSYoungGen      total 3072K, used 512K [0x00000000d5580000, 0x00000000d5a00000, 0x0000000100000000)
  eden space 2560K, 0% used [0x00000000d5580000,0x00000000d5580000,0x00000000d5800000)
  from space 512K, 100% used [0x00000000d5800000,0x00000000d5880000,0x00000000d5880000)
  to   space 1024K, 0% used [0x00000000d5900000,0x00000000d5900000,0x00000000d5a00000)
 ParOldGen       total 1051648K, used 545526K [0x0000000080000000, 0x00000000c0300000, 0x00000000d5580000)
  object space 1051648K, 51% used [0x0000000080000000,0x00000000a14bdac8,0x00000000c0300000)
 Metaspace       used 84882K, committed 86592K, reserved 1179648K
  class space    used 8742K, committed 9472K, reserved 1048576K
}
Event: 1034.559 GC heap before
{Heap before GC invocations=1780 (full 4):
 PSYoungGen      total 3072K, used 3071K [0x00000000d5580000, 0x00000000d5a00000, 0x0000000100000000)
  eden space 2560K, 99% used [0x00000000d5580000,0x00000000d57fffd8,0x00000000d5800000)
  from space 512K, 100% used [0x00000000d5800000,0x00000000d5880000,0x00000000d5880000)
  to   space 1024K, 0% used [0x00000000d5900000,0x00000000d5900000,0x00000000d5a00000)
 ParOldGen       total 1051648K, used 545526K [0x0000000080000000, 0x00000000c0300000, 0x00000000d5580000)
  object space 1051648K, 51% used [0x0000000080000000,0x00000000a14bdac8,0x00000000c0300000)
 Metaspace       used 84894K, committed 86592K, reserved 1179648K
  class space    used 8742K, committed 9472K, reserved 1048576K
}
Event: 1034.563 GC heap after
{Heap after GC invocations=1780 (full 4):
 PSYoungGen      total 2560K, used 999K [0x00000000d5580000, 0x00000000d5c80000, 0x0000000100000000)
  eden space 1536K, 0% used [0x00000000d5580000,0x00000000d5580000,0x00000000d5700000)
  from space 1024K, 97% used [0x00000000d5900000,0x00000000d59f9dc8,0x00000000d5a00000)
  to   space 2048K, 0% used [0x00000000d5700000,0x00000000d5700000,0x00000000d5900000)
 ParOldGen       total 1051648K, used 546142K [0x0000000080000000, 0x00000000c0300000, 0x00000000d5580000)
  object space 1051648K, 51% used [0x0000000080000000,0x00000000a15578b0,0x00000000c0300000)
 Metaspace       used 84894K, committed 86592K, reserved 1179648K
  class space    used 8742K, committed 9472K, reserved 1048576K
}
Event: 1034.569 GC heap before
{Heap before GC invocations=1781 (full 4):
 PSYoungGen      total 2560K, used 2535K [0x00000000d5580000, 0x00000000d5c80000, 0x0000000100000000)
  eden space 1536K, 99% used [0x00000000d5580000,0x00000000d56fff80,0x00000000d5700000)
  from space 1024K, 97% used [0x00000000d5900000,0x00000000d59f9dc8,0x00000000d5a00000)
  to   space 2048K, 0% used [0x00000000d5700000,0x00000000d5700000,0x00000000d5900000)
 ParOldGen       total 1051648K, used 546142K [0x0000000080000000, 0x00000000c0300000, 0x00000000d5580000)
  object space 1051648K, 51% used [0x0000000080000000,0x00000000a15578b0,0x00000000c0300000)
 Metaspace       used 84894K, committed 86592K, reserved 1179648K
  class space    used 8742K, committed 9472K, reserved 1048576K
}
Event: 1034.572 GC heap after
{Heap after GC invocations=1781 (full 4):
 PSYoungGen      total 3584K, used 1440K [0x00000000d5580000, 0x00000000d5a80000, 0x0000000100000000)
  eden space 1536K, 0% used [0x00000000d5580000,0x00000000d5580000,0x00000000d5700000)
  from space 2048K, 70% used [0x00000000d5700000,0x00000000d5868000,0x00000000d5900000)
  to   space 1536K, 0% used [0x00000000d5900000,0x00000000d5900000,0x00000000d5a80000)
 ParOldGen       total 1051648K, used 547117K [0x0000000080000000, 0x00000000c0300000, 0x00000000d5580000)
  object space 1051648K, 52% used [0x0000000080000000,0x00000000a164b678,0x00000000c0300000)
 Metaspace       used 84894K, committed 86592K, reserved 1179648K
  class space    used 8742K, committed 9472K, reserved 1048576K
}
Event: 1034.578 GC heap before
{Heap before GC invocations=1782 (full 4):
 PSYoungGen      total 3584K, used 2976K [0x00000000d5580000, 0x00000000d5a80000, 0x0000000100000000)
  eden space 1536K, 100% used [0x00000000d5580000,0x00000000d5700000,0x00000000d5700000)
  from space 2048K, 70% used [0x00000000d5700000,0x00000000d5868000,0x00000000d5900000)
  to   space 1536K, 0% used [0x00000000d5900000,0x00000000d5900000,0x00000000d5a80000)
 ParOldGen       total 1051648K, used 547117K [0x0000000080000000, 0x00000000c0300000, 0x00000000d5580000)
  object space 1051648K, 52% used [0x0000000080000000,0x00000000a164b678,0x00000000c0300000)
 Metaspace       used 84894K, committed 86592K, reserved 1179648K
  class space    used 8742K, committed 9472K, reserved 1048576K
}
Event: 1034.581 GC heap after
{Heap after GC invocations=1782 (full 4):
 PSYoungGen      total 3584K, used 1504K [0x00000000d5580000, 0x00000000d5a80000, 0x0000000100000000)
  eden space 2048K, 0% used [0x00000000d5580000,0x00000000d5580000,0x00000000d5780000)
  from space 1536K, 97% used [0x00000000d5900000,0x00000000d5a78000,0x00000000d5a80000)
  to   space 1536K, 0% used [0x00000000d5780000,0x00000000d5780000,0x00000000d5900000)
 ParOldGen       total 1051648K, used 548501K [0x0000000080000000, 0x00000000c0300000, 0x00000000d5580000)
  object space 1051648K, 52% used [0x0000000080000000,0x00000000a17a5678,0x00000000c0300000)
 Metaspace       used 84894K, committed 86592K, reserved 1179648K
  class space    used 8742K, committed 9472K, reserved 1048576K
}
Event: 1034.587 GC heap before
{Heap before GC invocations=1783 (full 4):
 PSYoungGen      total 3584K, used 3552K [0x00000000d5580000, 0x00000000d5a80000, 0x0000000100000000)
  eden space 2048K, 100% used [0x00000000d5580000,0x00000000d5780000,0x00000000d5780000)
  from space 1536K, 97% used [0x00000000d5900000,0x00000000d5a78000,0x00000000d5a80000)
  to   space 1536K, 0% used [0x00000000d5780000,0x00000000d5780000,0x00000000d5900000)
 ParOldGen       total 1051648K, used 548501K [0x0000000080000000, 0x00000000c0300000, 0x00000000d5580000)
  object space 1051648K, 52% used [0x0000000080000000,0x00000000a17a5678,0x00000000c0300000)
 Metaspace       used 84894K, committed 86592K, reserved 1179648K
  class space    used 8742K, committed 9472K, reserved 1048576K
}
Event: 1034.592 GC heap after
{Heap after GC invocations=1783 (full 4):
 PSYoungGen      total 3584K, used 1518K [0x00000000d5580000, 0x00000000d6000000, 0x0000000100000000)
  eden space 2048K, 0% used [0x00000000d5580000,0x00000000d5580000,0x00000000d5780000)
  from space 1536K, 98% used [0x00000000d5780000,0x00000000d58fbb90,0x00000000d5900000)
  to   space 4096K, 0% used [0x00000000d5c00000,0x00000000d5c00000,0x00000000d6000000)
 ParOldGen       total 1051648K, used 550341K [0x0000000080000000, 0x00000000c0300000, 0x00000000d5580000)
  object space 1051648K, 52% used [0x0000000080000000,0x00000000a1971678,0x00000000c0300000)
 Metaspace       used 84894K, committed 86592K, reserved 1179648K
  class space    used 8742K, committed 9472K, reserved 1048576K
}
Event: 1034.608 GC heap before
{Heap before GC invocations=1784 (full 4):
 PSYoungGen      total 3584K, used 3566K [0x00000000d5580000, 0x00000000d6000000, 0x0000000100000000)
  eden space 2048K, 100% used [0x00000000d5580000,0x00000000d5780000,0x00000000d5780000)
  from space 1536K, 98% used [0x00000000d5780000,0x00000000d58fbb90,0x00000000d5900000)
  to   space 4096K, 0% used [0x00000000d5c00000,0x00000000d5c00000,0x00000000d6000000)
 ParOldGen       total 1051648K, used 550341K [0x0000000080000000, 0x00000000c0300000, 0x00000000d5580000)
  object space 1051648K, 52% used [0x0000000080000000,0x00000000a1971678,0x00000000c0300000)
 Metaspace       used 84909K, committed 86592K, reserved 1179648K
  class space    used 8743K, committed 9472K, reserved 1048576K
}
Event: 1034.612 GC heap after
{Heap after GC invocations=1784 (full 4):
 PSYoungGen      total 4608K, used 1908K [0x00000000d5580000, 0x00000000d5e00000, 0x0000000100000000)
  eden space 2560K, 0% used [0x00000000d5580000,0x00000000d5580000,0x00000000d5800000)
  from space 2048K, 93% used [0x00000000d5c00000,0x00000000d5ddd200,0x00000000d5e00000)
  to   space 2560K, 0% used [0x00000000d5900000,0x00000000d5900000,0x00000000d5b80000)
 ParOldGen       total 1051648K, used 551900K [0x0000000080000000, 0x00000000c0300000, 0x00000000d5580000)
  object space 1051648K, 52% used [0x0000000080000000,0x00000000a1af7208,0x00000000c0300000)
 Metaspace       used 84909K, committed 86592K, reserved 1179648K
  class space    used 8743K, committed 9472K, reserved 1048576K
}
Event: 1034.704 GC heap before
{Heap before GC invocations=1785 (full 4):
 PSYoungGen      total 4608K, used 4468K [0x00000000d5580000, 0x00000000d5e00000, 0x0000000100000000)
  eden space 2560K, 100% used [0x00000000d5580000,0x00000000d5800000,0x00000000d5800000)
  from space 2048K, 93% used [0x00000000d5c00000,0x00000000d5ddd200,0x00000000d5e00000)
  to   space 2560K, 0% used [0x00000000d5900000,0x00000000d5900000,0x00000000d5b80000)
 ParOldGen       total 1051648K, used 551900K [0x0000000080000000, 0x00000000c0300000, 0x00000000d5580000)
  object space 1051648K, 52% used [0x0000000080000000,0x00000000a1af7208,0x00000000c0300000)
 Metaspace       used 85200K, committed 86912K, reserved 1179648K
  class space    used 8805K, committed 9536K, reserved 1048576K
}
Event: 1034.709 GC heap after
{Heap after GC invocations=1785 (full 4):
 PSYoungGen      total 5632K, used 160K [0x00000000d5580000, 0x00000000d5c80000, 0x0000000100000000)
  eden space 3072K, 0% used [0x00000000d5580000,0x00000000d5580000,0x00000000d5880000)
  from space 2560K, 6% used [0x00000000d5900000,0x00000000d5928000,0x00000000d5b80000)
  to   space 1024K, 0% used [0x00000000d5b80000,0x00000000d5b80000,0x00000000d5c80000)
 ParOldGen       total 1051648K, used 553665K [0x0000000080000000, 0x00000000c0300000, 0x00000000d5580000)
  object space 1051648K, 52% used [0x0000000080000000,0x00000000a1cb0408,0x00000000c0300000)
 Metaspace       used 85200K, committed 86912K, reserved 1179648K
  class space    used 8805K, committed 9536K, reserved 1048576K
}
Event: 1034.765 GC heap before
{Heap before GC invocations=1786 (full 4):
 PSYoungGen      total 5632K, used 3232K [0x00000000d5580000, 0x00000000d5c80000, 0x0000000100000000)
  eden space 3072K, 100% used [0x00000000d5580000,0x00000000d5880000,0x00000000d5880000)
  from space 2560K, 6% used [0x00000000d5900000,0x00000000d5928000,0x00000000d5b80000)
  to   space 1024K, 0% used [0x00000000d5b80000,0x00000000d5b80000,0x00000000d5c80000)
 ParOldGen       total 1051648K, used 553665K [0x0000000080000000, 0x00000000c0300000, 0x00000000d5580000)
  object space 1051648K, 52% used [0x0000000080000000,0x00000000a1cb0408,0x00000000c0300000)
 Metaspace       used 85293K, committed 87040K, reserved 1179648K
  class space    used 8821K, committed 9600K, reserved 1048576K
}
Event: 1034.769 GC heap after
{Heap after GC invocations=1786 (full 4):
 PSYoungGen      total 5120K, used 544K [0x00000000d5580000, 0x00000000d5c80000, 0x0000000100000000)
  eden space 4096K, 0% used [0x00000000d5580000,0x00000000d5580000,0x00000000d5980000)
  from space 1024K, 53% used [0x00000000d5b80000,0x00000000d5c08000,0x00000000d5c80000)
  to   space 1024K, 0% used [0x00000000d5a80000,0x00000000d5a80000,0x00000000d5b80000)
 ParOldGen       total 1051648K, used 553753K [0x0000000080000000, 0x00000000c0300000, 0x00000000d5580000)
  object space 1051648K, 52% used [0x0000000080000000,0x00000000a1cc6408,0x00000000c0300000)
 Metaspace       used 85293K, committed 87040K, reserved 1179648K
  class space    used 8821K, committed 9600K, reserved 1048576K
}
Event: 1034.781 GC heap before
{Heap before GC invocations=1787 (full 4):
 PSYoungGen      total 5120K, used 4640K [0x00000000d5580000, 0x00000000d5c80000, 0x0000000100000000)
  eden space 4096K, 100% used [0x00000000d5580000,0x00000000d5980000,0x00000000d5980000)
  from space 1024K, 53% used [0x00000000d5b80000,0x00000000d5c08000,0x00000000d5c80000)
  to   space 1024K, 0% used [0x00000000d5a80000,0x00000000d5a80000,0x00000000d5b80000)
 ParOldGen       total 1051648K, used 553753K [0x0000000080000000, 0x00000000c0300000, 0x00000000d5580000)
  object space 1051648K, 52% used [0x0000000080000000,0x00000000a1cc6408,0x00000000c0300000)
 Metaspace       used 85298K, committed 87040K, reserved 1179648K
  class space    used 8821K, committed 9600K, reserved 1048576K
}
Event: 1034.784 GC heap after
{Heap after GC invocations=1787 (full 4):
 PSYoungGen      total 6144K, used 1006K [0x00000000d5580000, 0x00000000d5e80000, 0x0000000100000000)
  eden space 5120K, 0% used [0x00000000d5580000,0x00000000d5580000,0x00000000d5a80000)
  from space 1024K, 98% used [0x00000000d5a80000,0x00000000d5b7bb90,0x00000000d5b80000)
  to   space 2048K, 0% used [0x00000000d5c80000,0x00000000d5c80000,0x00000000d5e80000)
 ParOldGen       total 1051648K, used 554513K [0x0000000080000000, 0x00000000c0300000, 0x00000000d5580000)
  object space 1051648K, 52% used [0x0000000080000000,0x00000000a1d84428,0x00000000c0300000)
 Metaspace       used 85298K, committed 87040K, reserved 1179648K
  class space    used 8821K, committed 9600K, reserved 1048576K
}
Event: 1034.799 GC heap before
{Heap before GC invocations=1788 (full 4):
 PSYoungGen      total 6144K, used 6126K [0x00000000d5580000, 0x00000000d5e80000, 0x0000000100000000)
  eden space 5120K, 100% used [0x00000000d5580000,0x00000000d5a80000,0x00000000d5a80000)
  from space 1024K, 98% used [0x00000000d5a80000,0x00000000d5b7bb90,0x00000000d5b80000)
  to   space 2048K, 0% used [0x00000000d5c80000,0x00000000d5c80000,0x00000000d5e80000)
 ParOldGen       total 1051648K, used 554513K [0x0000000080000000, 0x00000000c0300000, 0x00000000d5580000)
  object space 1051648K, 52% used [0x0000000080000000,0x00000000a1d84428,0x00000000c0300000)
 Metaspace       used 85298K, committed 87040K, reserved 1179648K
  class space    used 8821K, committed 9600K, reserved 1048576K
}
Event: 1034.808 GC heap after
{Heap after GC invocations=1788 (full 4):
 PSYoungGen      total 7168K, used 2048K [0x00000000d5580000, 0x00000000d5e80000, 0x0000000100000000)
  eden space 5120K, 0% used [0x00000000d5580000,0x00000000d5580000,0x00000000d5a80000)
  from space 2048K, 100% used [0x00000000d5c80000,0x00000000d5e80000,0x00000000d5e80000)
  to   space 1024K, 0% used [0x00000000d5a80000,0x00000000d5a80000,0x00000000d5b80000)
 ParOldGen       total 1051648K, used 557230K [0x0000000080000000, 0x00000000c0300000, 0x00000000d5580000)
  object space 1051648K, 52% used [0x0000000080000000,0x00000000a202bb48,0x00000000c0300000)
 Metaspace       used 85298K, committed 87040K, reserved 1179648K
  class space    used 8821K, committed 9600K, reserved 1048576K
}

