# JRE version: OpenJDK Runtime Environment Temurin-21.0.7+6 (21.0.7+6) (build 21.0.7+6-LTS)
# Java VM: OpenJDK 64-Bit Server VM Temurin-21.0.7+6 (21.0.7+6-LTS, mixed mode, sharing, tiered, compressed oops, compressed class ptrs, parallel gc, windows-amd64)
GC Precious Log:
 CardTable entry size: 512
 CPUs: 8 total, 8 available
 Memory: 7971M
 Large Page Support: Disabled
 NUMA Support: Disabled
 Compressed Oops: Enabled (32-bit)
 Alignments: Space 512K, Generation 512K, Heap 2M
 Heap Min Capacity: 100M
 Heap Initial Capacity: 100M
 Heap Max Capacity: 2G
 Pre-touch: Disabled
 Parallel Workers: 8
Heap:
 PSYoungGen      total 4096K, used 3810K [0x00000000d5580000, 0x00000000d5a80000, 0x0000000100000000)
  eden space 3072K, 100% used [0x00000000d5580000,0x00000000d5880000,0x00000000d5880000)
  from space 1024K, 72% used [0x00000000d5980000,0x00000000d5a38848,0x00000000d5a80000)
  to   space 1024K, 73% used [0x00000000d5880000,0x00000000d593c138,0x00000000d5980000)
 ParOldGen       total 515072K, used 514842K [0x0000000080000000, 0x000000009f700000, 0x00000000d5580000)
  object space 515072K, 99% used [0x0000000080000000,0x000000009f6c6ad8,0x000000009f700000)
 Metaspace       used 66468K, committed 68032K, reserved 1114112K
  class space    used 6839K, committed 7552K, reserved 1048576K
GC Heap History (20 events):
Event: 95.188 GC heap after
{Heap after GC invocations=613 (full 3):
 PSYoungGen      total 4096K, used 512K [0x00000000d5580000, 0x00000000d5a80000, 0x0000000100000000)
  eden space 3072K, 0% used [0x00000000d5580000,0x00000000d5580000,0x00000000d5880000)
  from space 1024K, 50% used [0x00000000d5980000,0x00000000d5a00000,0x00000000d5a80000)
  to   space 1024K, 0% used [0x00000000d5880000,0x00000000d5880000,0x00000000d5980000)
 ParOldGen       total 510976K, used 510972K [0x0000000080000000, 0x000000009f300000, 0x00000000d5580000)
  object space 510976K, 99% used [0x0000000080000000,0x000000009f2ff2b0,0x000000009f300000)
 Metaspace       used 66468K, committed 68032K, reserved 1114112K
  class space    used 6839K, committed 7552K, reserved 1048576K
}
Event: 95.205 GC heap before
{Heap before GC invocations=614 (full 3):
 PSYoungGen      total 4096K, used 3584K [0x00000000d5580000, 0x00000000d5a80000, 0x0000000100000000)
  eden space 3072K, 100% used [0x00000000d5580000,0x00000000d5880000,0x00000000d5880000)
  from space 1024K, 50% used [0x00000000d5980000,0x00000000d5a00000,0x00000000d5a80000)
  to   space 1024K, 0% used [0x00000000d5880000,0x00000000d5880000,0x00000000d5980000)
 ParOldGen       total 510976K, used 510972K [0x0000000080000000, 0x000000009f300000, 0x00000000d5580000)
  object space 510976K, 99% used [0x0000000080000000,0x000000009f2ff2b0,0x000000009f300000)
 Metaspace       used 66468K, committed 68032K, reserved 1114112K
  class space    used 6839K, committed 7552K, reserved 1048576K
}
Event: 95.207 GC heap after
{Heap after GC invocations=614 (full 3):
 PSYoungGen      total 4096K, used 512K [0x00000000d5580000, 0x00000000d5a80000, 0x0000000100000000)
  eden space 3072K, 0% used [0x00000000d5580000,0x00000000d5580000,0x00000000d5880000)
  from space 1024K, 50% used [0x00000000d5880000,0x00000000d5900000,0x00000000d5980000)
  to   space 1024K, 0% used [0x00000000d5980000,0x00000000d5980000,0x00000000d5a80000)
 ParOldGen       total 511488K, used 511404K [0x0000000080000000, 0x000000009f380000, 0x00000000d5580000)
  object space 511488K, 99% used [0x0000000080000000,0x000000009f36b2b0,0x000000009f380000)
 Metaspace       used 66468K, committed 68032K, reserved 1114112K
  class space    used 6839K, committed 7552K, reserved 1048576K
}
Event: 95.225 GC heap before
{Heap before GC invocations=615 (full 3):
 PSYoungGen      total 4096K, used 3584K [0x00000000d5580000, 0x00000000d5a80000, 0x0000000100000000)
  eden space 3072K, 100% used [0x00000000d5580000,0x00000000d5880000,0x00000000d5880000)
  from space 1024K, 50% used [0x00000000d5880000,0x00000000d5900000,0x00000000d5980000)
  to   space 1024K, 0% used [0x00000000d5980000,0x00000000d5980000,0x00000000d5a80000)
 ParOldGen       total 511488K, used 511404K [0x0000000080000000, 0x000000009f380000, 0x00000000d5580000)
  object space 511488K, 99% used [0x0000000080000000,0x000000009f36b2b0,0x000000009f380000)
 Metaspace       used 66468K, committed 68032K, reserved 1114112K
  class space    used 6839K, committed 7552K, reserved 1048576K
}
Event: 95.228 GC heap after
{Heap after GC invocations=615 (full 3):
 PSYoungGen      total 4096K, used 578K [0x00000000d5580000, 0x00000000d5a80000, 0x0000000100000000)
  eden space 3072K, 0% used [0x00000000d5580000,0x00000000d5580000,0x00000000d5880000)
  from space 1024K, 56% used [0x00000000d5980000,0x00000000d5a10b98,0x00000000d5a80000)
  to   space 1024K, 0% used [0x00000000d5880000,0x00000000d5880000,0x00000000d5980000)
 ParOldGen       total 512000K, used 511836K [0x0000000080000000, 0x000000009f400000, 0x00000000d5580000)
  object space 512000K, 99% used [0x0000000080000000,0x000000009f3d72b0,0x000000009f400000)
 Metaspace       used 66468K, committed 68032K, reserved 1114112K
  class space    used 6839K, committed 7552K, reserved 1048576K
}
Event: 95.245 GC heap before
{Heap before GC invocations=616 (full 3):
 PSYoungGen      total 4096K, used 3650K [0x00000000d5580000, 0x00000000d5a80000, 0x0000000100000000)
  eden space 3072K, 100% used [0x00000000d5580000,0x00000000d5880000,0x00000000d5880000)
  from space 1024K, 56% used [0x00000000d5980000,0x00000000d5a10b98,0x00000000d5a80000)
  to   space 1024K, 0% used [0x00000000d5880000,0x00000000d5880000,0x00000000d5980000)
 ParOldGen       total 512000K, used 511836K [0x0000000080000000, 0x000000009f400000, 0x00000000d5580000)
  object space 512000K, 99% used [0x0000000080000000,0x000000009f3d72b0,0x000000009f400000)
 Metaspace       used 66468K, committed 68032K, reserved 1114112K
  class space    used 6839K, committed 7552K, reserved 1048576K
}
Event: 95.247 GC heap after
{Heap after GC invocations=616 (full 3):
 PSYoungGen      total 4096K, used 791K [0x00000000d5580000, 0x00000000d5a80000, 0x0000000100000000)
  eden space 3072K, 0% used [0x00000000d5580000,0x00000000d5580000,0x00000000d5880000)
  from space 1024K, 77% used [0x00000000d5880000,0x00000000d5945ca8,0x00000000d5980000)
  to   space 1024K, 0% used [0x00000000d5980000,0x00000000d5980000,0x00000000d5a80000)
 ParOldGen       total 512512K, used 512252K [0x0000000080000000, 0x000000009f480000, 0x00000000d5580000)
  object space 512512K, 99% used [0x0000000080000000,0x000000009f43f2b0,0x000000009f480000)
 Metaspace       used 66468K, committed 68032K, reserved 1114112K
  class space    used 6839K, committed 7552K, reserved 1048576K
}
Event: 95.267 GC heap before
{Heap before GC invocations=617 (full 3):
 PSYoungGen      total 4096K, used 3863K [0x00000000d5580000, 0x00000000d5a80000, 0x0000000100000000)
  eden space 3072K, 100% used [0x00000000d5580000,0x00000000d5880000,0x00000000d5880000)
  from space 1024K, 77% used [0x00000000d5880000,0x00000000d5945ca8,0x00000000d5980000)
  to   space 1024K, 0% used [0x00000000d5980000,0x00000000d5980000,0x00000000d5a80000)
 ParOldGen       total 512512K, used 512252K [0x0000000080000000, 0x000000009f480000, 0x00000000d5580000)
  object space 512512K, 99% used [0x0000000080000000,0x000000009f43f2b0,0x000000009f480000)
 Metaspace       used 66468K, committed 68032K, reserved 1114112K
  class space    used 6839K, committed 7552K, reserved 1048576K
}
Event: 95.270 GC heap after
{Heap after GC invocations=617 (full 3):
 PSYoungGen      total 4096K, used 573K [0x00000000d5580000, 0x00000000d5a80000, 0x0000000100000000)
  eden space 3072K, 0% used [0x00000000d5580000,0x00000000d5580000,0x00000000d5880000)
  from space 1024K, 56% used [0x00000000d5980000,0x00000000d5a0f638,0x00000000d5a80000)
  to   space 1024K, 0% used [0x00000000d5880000,0x00000000d5880000,0x00000000d5980000)
 ParOldGen       total 513024K, used 512644K [0x0000000080000000, 0x000000009f500000, 0x00000000d5580000)
  object space 513024K, 99% used [0x0000000080000000,0x000000009f4a12b0,0x000000009f500000)
 Metaspace       used 66468K, committed 68032K, reserved 1114112K
  class space    used 6839K, committed 7552K, reserved 1048576K
}
Event: 95.286 GC heap before
{Heap before GC invocations=618 (full 3):
 PSYoungGen      total 4096K, used 3645K [0x00000000d5580000, 0x00000000d5a80000, 0x0000000100000000)
  eden space 3072K, 100% used [0x00000000d5580000,0x00000000d5880000,0x00000000d5880000)
  from space 1024K, 56% used [0x00000000d5980000,0x00000000d5a0f638,0x00000000d5a80000)
  to   space 1024K, 0% used [0x00000000d5880000,0x00000000d5880000,0x00000000d5980000)
 ParOldGen       total 513024K, used 512644K [0x0000000080000000, 0x000000009f500000, 0x00000000d5580000)
  object space 513024K, 99% used [0x0000000080000000,0x000000009f4a12b0,0x000000009f500000)
 Metaspace       used 66468K, committed 68032K, reserved 1114112K
  class space    used 6839K, committed 7552K, reserved 1048576K
}
Event: 95.289 GC heap after
{Heap after GC invocations=618 (full 3):
 PSYoungGen      total 4096K, used 448K [0x00000000d5580000, 0x00000000d5a00000, 0x0000000100000000)
  eden space 3072K, 0% used [0x00000000d5580000,0x00000000d5580000,0x00000000d5880000)
  from space 1024K, 43% used [0x00000000d5880000,0x00000000d58f0000,0x00000000d5980000)
  to   space 512K, 0% used [0x00000000d5980000,0x00000000d5980000,0x00000000d5a00000)
 ParOldGen       total 513536K, used 513094K [0x0000000080000000, 0x000000009f580000, 0x00000000d5580000)
  object space 513536K, 99% used [0x0000000080000000,0x000000009f511ac8,0x000000009f580000)
 Metaspace       used 66468K, committed 68032K, reserved 1114112K
  class space    used 6839K, committed 7552K, reserved 1048576K
}
Event: 95.304 GC heap before
{Heap before GC invocations=619 (full 3):
 PSYoungGen      total 4096K, used 3520K [0x00000000d5580000, 0x00000000d5a00000, 0x0000000100000000)
  eden space 3072K, 100% used [0x00000000d5580000,0x00000000d5880000,0x00000000d5880000)
  from space 1024K, 43% used [0x00000000d5880000,0x00000000d58f0000,0x00000000d5980000)
  to   space 512K, 0% used [0x00000000d5980000,0x00000000d5980000,0x00000000d5a00000)
 ParOldGen       total 513536K, used 513094K [0x0000000080000000, 0x000000009f580000, 0x00000000d5580000)
  object space 513536K, 99% used [0x0000000080000000,0x000000009f511ac8,0x000000009f580000)
 Metaspace       used 66468K, committed 68032K, reserved 1114112K
  class space    used 6839K, committed 7552K, reserved 1048576K
}
Event: 95.306 GC heap after
{Heap after GC invocations=619 (full 3):
 PSYoungGen      total 3584K, used 502K [0x00000000d5580000, 0x00000000d5a00000, 0x0000000100000000)
  eden space 3072K, 0% used [0x00000000d5580000,0x00000000d5580000,0x00000000d5880000)
  from space 512K, 98% used [0x00000000d5980000,0x00000000d59fd9d8,0x00000000d5a00000)
  to   space 1024K, 0% used [0x00000000d5880000,0x00000000d5880000,0x00000000d5980000)
 ParOldGen       total 513536K, used 513526K [0x0000000080000000, 0x000000009f580000, 0x00000000d5580000)
  object space 513536K, 99% used [0x0000000080000000,0x000000009f57dac8,0x000000009f580000)
 Metaspace       used 66468K, committed 68032K, reserved 1114112K
  class space    used 6839K, committed 7552K, reserved 1048576K
}
Event: 95.314 GC heap before
{Heap before GC invocations=620 (full 3):
 PSYoungGen      total 3584K, used 3574K [0x00000000d5580000, 0x00000000d5a00000, 0x0000000100000000)
  eden space 3072K, 100% used [0x00000000d5580000,0x00000000d5880000,0x00000000d5880000)
  from space 512K, 98% used [0x00000000d5980000,0x00000000d59fd9d8,0x00000000d5a00000)
  to   space 1024K, 0% used [0x00000000d5880000,0x00000000d5880000,0x00000000d5980000)
 ParOldGen       total 513536K, used 513526K [0x0000000080000000, 0x000000009f580000, 0x00000000d5580000)
  object space 513536K, 99% used [0x0000000080000000,0x000000009f57dac8,0x000000009f580000)
 Metaspace       used 66468K, committed 68032K, reserved 1114112K
  class space    used 6839K, committed 7552K, reserved 1048576K
}
Event: 95.316 GC heap after
{Heap after GC invocations=620 (full 3):
 PSYoungGen      total 4096K, used 384K [0x00000000d5580000, 0x00000000d5a80000, 0x0000000100000000)
  eden space 3072K, 0% used [0x00000000d5580000,0x00000000d5580000,0x00000000d5880000)
  from space 1024K, 37% used [0x00000000d5880000,0x00000000d58e0000,0x00000000d5980000)
  to   space 1024K, 0% used [0x00000000d5980000,0x00000000d5980000,0x00000000d5a80000)
 ParOldGen       total 514048K, used 513982K [0x0000000080000000, 0x000000009f600000, 0x00000000d5580000)
  object space 514048K, 99% used [0x0000000080000000,0x000000009f5efac8,0x000000009f600000)
 Metaspace       used 66468K, committed 68032K, reserved 1114112K
  class space    used 6839K, committed 7552K, reserved 1048576K
}
Event: 95.329 GC heap before
{Heap before GC invocations=621 (full 3):
 PSYoungGen      total 4096K, used 3456K [0x00000000d5580000, 0x00000000d5a80000, 0x0000000100000000)
  eden space 3072K, 100% used [0x00000000d5580000,0x00000000d5880000,0x00000000d5880000)
  from space 1024K, 37% used [0x00000000d5880000,0x00000000d58e0000,0x00000000d5980000)
  to   space 1024K, 0% used [0x00000000d5980000,0x00000000d5980000,0x00000000d5a80000)
 ParOldGen       total 514048K, used 513982K [0x0000000080000000, 0x000000009f600000, 0x00000000d5580000)
  object space 514048K, 99% used [0x0000000080000000,0x000000009f5efac8,0x000000009f600000)
 Metaspace       used 66468K, committed 68032K, reserved 1114112K
  class space    used 6839K, committed 7552K, reserved 1048576K
}
Event: 95.331 GC heap after
{Heap after GC invocations=621 (full 3):
 PSYoungGen      total 4096K, used 738K [0x00000000d5580000, 0x00000000d5a80000, 0x0000000100000000)
  eden space 3072K, 0% used [0x00000000d5580000,0x00000000d5580000,0x00000000d5880000)
  from space 1024K, 72% used [0x00000000d5980000,0x00000000d5a38848,0x00000000d5a80000)
  to   space 1024K, 0% used [0x00000000d5880000,0x00000000d5880000,0x00000000d5980000)
 ParOldGen       total 514560K, used 514302K [0x0000000080000000, 0x000000009f680000, 0x00000000d5580000)
  object space 514560K, 99% used [0x0000000080000000,0x000000009f63fac8,0x000000009f680000)
 Metaspace       used 66468K, committed 68032K, reserved 1114112K
  class space    used 6839K, committed 7552K, reserved 1048576K
}
Event: 95.345 GC heap before
{Heap before GC invocations=622 (full 3):
 PSYoungGen      total 4096K, used 3810K [0x00000000d5580000, 0x00000000d5a80000, 0x0000000100000000)
  eden space 3072K, 100% used [0x00000000d5580000,0x00000000d5880000,0x00000000d5880000)
  from space 1024K, 72% used [0x00000000d5980000,0x00000000d5a38848,0x00000000d5a80000)
  to   space 1024K, 0% used [0x00000000d5880000,0x00000000d5880000,0x00000000d5980000)
 ParOldGen       total 514560K, used 514302K [0x0000000080000000, 0x000000009f680000, 0x00000000d5580000)
  object space 514560K, 99% used [0x0000000080000000,0x000000009f63fac8,0x000000009f680000)
 Metaspace       used 66468K, committed 68032K, reserved 1114112K
  class space    used 6839K, committed 7552K, reserved 1048576K
}
Event: 95.348 GC heap after
{Heap after GC invocations=622 (full 3):
 PSYoungGen      total 4096K, used 3810K [0x00000000d5580000, 0x00000000d5a80000, 0x0000000100000000)
  eden space 3072K, 100% used [0x00000000d5580000,0x00000000d5880000,0x00000000d5880000)
  from space 1024K, 72% used [0x00000000d5980000,0x00000000d5a38848,0x00000000d5a80000)
  to   space 1024K, 73% used [0x00000000d5880000,0x00000000d593c138,0x00000000d5980000)
 ParOldGen       total 515072K, used 514842K [0x0000000080000000, 0x000000009f700000, 0x00000000d5580000)
  object space 515072K, 99% used [0x0000000080000000,0x000000009f6c6ad8,0x000000009f700000)
 Metaspace       used 66468K, committed 68032K, reserved 1114112K
  class space    used 6839K, committed 7552K, reserved 1048576K
}
Event: 95.349 GC heap before
{Heap before GC invocations=623 (full 4):
 PSYoungGen      total 4096K, used 3810K [0x00000000d5580000, 0x00000000d5a80000, 0x0000000100000000)
  eden space 3072K, 100% used [0x00000000d5580000,0x00000000d5880000,0x00000000d5880000)
  from space 1024K, 72% used [0x00000000d5980000,0x00000000d5a38848,0x00000000d5a80000)
  to   space 1024K, 73% used [0x00000000d5880000,0x00000000d593c138,0x00000000d5980000)
 ParOldGen       total 515072K, used 514842K [0x0000000080000000, 0x000000009f700000, 0x00000000d5580000)
  object space 515072K, 99% used [0x0000000080000000,0x000000009f6c6ad8,0x000000009f700000)
 Metaspace       used 66468K, committed 68032K, reserved 1114112K
  class space    used 6839K, committed 7552K, reserved 1048576K
}

