# JRE version: OpenJDK Runtime Environment Temurin-21.0.7+6 (21.0.7+6) (build 21.0.7+6-LTS)
# Java VM: OpenJDK 64-Bit Server VM Temurin-21.0.7+6 (21.0.7+6-LTS, mixed mode, sharing, tiered, compressed oops, compressed class ptrs, parallel gc, windows-amd64)
GC Precious Log:
 CardTable entry size: 512
 CPUs: 8 total, 8 available
 Memory: 7971M
 Large Page Support: Disabled
 NUMA Support: Disabled
 Compressed Oops: Enabled (32-bit)
 Alignments: Space 512K, Generation 512K, Heap 2M
 Heap Min Capacity: 100M
 Heap Initial Capacity: 100M
 Heap Max Capacity: 2G
 Pre-touch: Disabled
 Parallel Workers: 8
Heap:
 PSYoungGen      total 23040K, used 17723K [0x00000000d5580000, 0x00000000d7f00000, 0x0000000100000000)
  eden space 19456K, 72% used [0x00000000d5580000,0x00000000d63502e8,0x00000000d6880000)
  from space 3584K, 99% used [0x00000000d7280000,0x00000000d75feb30,0x00000000d7600000)
  to   space 10240K, 0% used [0x00000000d6880000,0x00000000d6880000,0x00000000d7280000)
 ParOldGen       total 859136K, used 858633K [0x0000000080000000, 0x00000000b4700000, 0x00000000d5580000)
  object space 859136K, 99% used [0x0000000080000000,0x00000000b4682610,0x00000000b4700000)
 Metaspace       used 67922K, committed 69440K, reserved 1114112K
  class space    used 6961K, committed 7616K, reserved 1048576K
GC Heap History (20 events):
Event: 74.396 GC heap before
{Heap before GC invocations=1534 (full 3):
 PSYoungGen      total 25088K, used 24971K [0x00000000d5580000, 0x00000000d7780000, 0x0000000100000000)
  eden space 24576K, 100% used [0x00000000d5580000,0x00000000d6d80000,0x00000000d6d80000)
  from space 512K, 77% used [0x00000000d7700000,0x00000000d7762fb0,0x00000000d7780000)
  to   space 512K, 0% used [0x00000000d7680000,0x00000000d7680000,0x00000000d7700000)
 ParOldGen       total 845824K, used 845529K [0x0000000080000000, 0x00000000b3a00000, 0x00000000d5580000)
  object space 845824K, 99% used [0x0000000080000000,0x00000000b39b6440,0x00000000b3a00000)
 Metaspace       used 64545K, committed 65984K, reserved 1114112K
  class space    used 6700K, committed 7296K, reserved 1048576K
}
Event: 74.398 GC heap after
{Heap after GC invocations=1534 (full 3):
 PSYoungGen      total 24576K, used 500K [0x00000000d5580000, 0x00000000d7780000, 0x0000000100000000)
  eden space 24064K, 0% used [0x00000000d5580000,0x00000000d5580000,0x00000000d6d00000)
  from space 512K, 97% used [0x00000000d7680000,0x00000000d76fd200,0x00000000d7700000)
  to   space 512K, 0% used [0x00000000d7700000,0x00000000d7700000,0x00000000d7780000)
 ParOldGen       total 845824K, used 845783K [0x0000000080000000, 0x00000000b3a00000, 0x00000000d5580000)
  object space 845824K, 99% used [0x0000000080000000,0x00000000b39f5cf8,0x00000000b3a00000)
 Metaspace       used 64545K, committed 65984K, reserved 1114112K
  class space    used 6700K, committed 7296K, reserved 1048576K
}
Event: 74.443 GC heap before
{Heap before GC invocations=1535 (full 3):
 PSYoungGen      total 24576K, used 24564K [0x00000000d5580000, 0x00000000d7780000, 0x0000000100000000)
  eden space 24064K, 100% used [0x00000000d5580000,0x00000000d6d00000,0x00000000d6d00000)
  from space 512K, 97% used [0x00000000d7680000,0x00000000d76fd200,0x00000000d7700000)
  to   space 512K, 0% used [0x00000000d7700000,0x00000000d7700000,0x00000000d7780000)
 ParOldGen       total 845824K, used 845783K [0x0000000080000000, 0x00000000b3a00000, 0x00000000d5580000)
  object space 845824K, 99% used [0x0000000080000000,0x00000000b39f5cf8,0x00000000b3a00000)
 Metaspace       used 64550K, committed 65984K, reserved 1114112K
  class space    used 6700K, committed 7296K, reserved 1048576K
}
Event: 74.446 GC heap after
{Heap after GC invocations=1535 (full 3):
 PSYoungGen      total 24064K, used 512K [0x00000000d5580000, 0x00000000d7780000, 0x0000000100000000)
  eden space 23552K, 0% used [0x00000000d5580000,0x00000000d5580000,0x00000000d6c80000)
  from space 512K, 100% used [0x00000000d7700000,0x00000000d7780000,0x00000000d7780000)
  to   space 1024K, 0% used [0x00000000d7580000,0x00000000d7580000,0x00000000d7680000)
 ParOldGen       total 846336K, used 846110K [0x0000000080000000, 0x00000000b3a80000, 0x00000000d5580000)
  object space 846336K, 99% used [0x0000000080000000,0x00000000b3a47848,0x00000000b3a80000)
 Metaspace       used 64550K, committed 65984K, reserved 1114112K
  class space    used 6700K, committed 7296K, reserved 1048576K
}
Event: 74.482 GC heap before
{Heap before GC invocations=1536 (full 3):
 PSYoungGen      total 24064K, used 24064K [0x00000000d5580000, 0x00000000d7780000, 0x0000000100000000)
  eden space 23552K, 100% used [0x00000000d5580000,0x00000000d6c80000,0x00000000d6c80000)
  from space 512K, 100% used [0x00000000d7700000,0x00000000d7780000,0x00000000d7780000)
  to   space 1024K, 0% used [0x00000000d7580000,0x00000000d7580000,0x00000000d7680000)
 ParOldGen       total 846336K, used 846110K [0x0000000080000000, 0x00000000b3a80000, 0x00000000d5580000)
  object space 846336K, 99% used [0x0000000080000000,0x00000000b3a47848,0x00000000b3a80000)
 Metaspace       used 64558K, committed 65984K, reserved 1114112K
  class space    used 6700K, committed 7296K, reserved 1048576K
}
Event: 74.485 GC heap after
{Heap after GC invocations=1536 (full 3):
 PSYoungGen      total 24064K, used 1008K [0x00000000d5580000, 0x00000000d7780000, 0x0000000100000000)
  eden space 23040K, 0% used [0x00000000d5580000,0x00000000d5580000,0x00000000d6c00000)
  from space 1024K, 98% used [0x00000000d7580000,0x00000000d767c000,0x00000000d7680000)
  to   space 1024K, 0% used [0x00000000d7680000,0x00000000d7680000,0x00000000d7780000)
 ParOldGen       total 846848K, used 846422K [0x0000000080000000, 0x00000000b3b00000, 0x00000000d5580000)
  object space 846848K, 99% used [0x0000000080000000,0x00000000b3a95848,0x00000000b3b00000)
 Metaspace       used 64558K, committed 65984K, reserved 1114112K
  class space    used 6700K, committed 7296K, reserved 1048576K
}
Event: 74.520 GC heap before
{Heap before GC invocations=1537 (full 3):
 PSYoungGen      total 24064K, used 24048K [0x00000000d5580000, 0x00000000d7780000, 0x0000000100000000)
  eden space 23040K, 100% used [0x00000000d5580000,0x00000000d6c00000,0x00000000d6c00000)
  from space 1024K, 98% used [0x00000000d7580000,0x00000000d767c000,0x00000000d7680000)
  to   space 1024K, 0% used [0x00000000d7680000,0x00000000d7680000,0x00000000d7780000)
 ParOldGen       total 846848K, used 846422K [0x0000000080000000, 0x00000000b3b00000, 0x00000000d5580000)
  object space 846848K, 99% used [0x0000000080000000,0x00000000b3a959e0,0x00000000b3b00000)
 Metaspace       used 64562K, committed 65984K, reserved 1114112K
  class space    used 6700K, committed 7296K, reserved 1048576K
}
Event: 74.523 GC heap after
{Heap after GC invocations=1537 (full 3):
 PSYoungGen      total 23552K, used 432K [0x00000000d5580000, 0x00000000d7700000, 0x0000000100000000)
  eden space 23040K, 0% used [0x00000000d5580000,0x00000000d5580000,0x00000000d6c00000)
  from space 512K, 84% used [0x00000000d7680000,0x00000000d76ec010,0x00000000d7700000)
  to   space 1024K, 0% used [0x00000000d7500000,0x00000000d7500000,0x00000000d7600000)
 ParOldGen       total 847872K, used 847414K [0x0000000080000000, 0x00000000b3c00000, 0x00000000d5580000)
  object space 847872K, 99% used [0x0000000080000000,0x00000000b3b8d9e0,0x00000000b3c00000)
 Metaspace       used 64562K, committed 65984K, reserved 1114112K
  class space    used 6700K, committed 7296K, reserved 1048576K
}
Event: 74.559 GC heap before
{Heap before GC invocations=1538 (full 3):
 PSYoungGen      total 23552K, used 23472K [0x00000000d5580000, 0x00000000d7700000, 0x0000000100000000)
  eden space 23040K, 100% used [0x00000000d5580000,0x00000000d6c00000,0x00000000d6c00000)
  from space 512K, 84% used [0x00000000d7680000,0x00000000d76ec010,0x00000000d7700000)
  to   space 1024K, 0% used [0x00000000d7500000,0x00000000d7500000,0x00000000d7600000)
 ParOldGen       total 847872K, used 847416K [0x0000000080000000, 0x00000000b3c00000, 0x00000000d5580000)
  object space 847872K, 99% used [0x0000000080000000,0x00000000b3b8e158,0x00000000b3c00000)
 Metaspace       used 64567K, committed 66048K, reserved 1114112K
  class space    used 6700K, committed 7296K, reserved 1048576K
}
Event: 74.562 GC heap after
{Heap after GC invocations=1538 (full 3):
 PSYoungGen      total 23552K, used 416K [0x00000000d5580000, 0x00000000d7700000, 0x0000000100000000)
  eden space 22528K, 0% used [0x00000000d5580000,0x00000000d5580000,0x00000000d6b80000)
  from space 1024K, 40% used [0x00000000d7500000,0x00000000d7568000,0x00000000d7600000)
  to   space 512K, 0% used [0x00000000d7680000,0x00000000d7680000,0x00000000d7700000)
 ParOldGen       total 847872K, used 847648K [0x0000000080000000, 0x00000000b3c00000, 0x00000000d5580000)
  object space 847872K, 99% used [0x0000000080000000,0x00000000b3bc8158,0x00000000b3c00000)
 Metaspace       used 64567K, committed 66048K, reserved 1114112K
  class space    used 6700K, committed 7296K, reserved 1048576K
}
Event: 75.250 GC heap before
{Heap before GC invocations=1539 (full 3):
 PSYoungGen      total 23552K, used 22944K [0x00000000d5580000, 0x00000000d7700000, 0x0000000100000000)
  eden space 22528K, 100% used [0x00000000d5580000,0x00000000d6b80000,0x00000000d6b80000)
  from space 1024K, 40% used [0x00000000d7500000,0x00000000d7568000,0x00000000d7600000)
  to   space 512K, 0% used [0x00000000d7680000,0x00000000d7680000,0x00000000d7700000)
 ParOldGen       total 847872K, used 847648K [0x0000000080000000, 0x00000000b3c00000, 0x00000000d5580000)
  object space 847872K, 99% used [0x0000000080000000,0x00000000b3bc8158,0x00000000b3c00000)
 Metaspace       used 64780K, committed 66176K, reserved 1114112K
  class space    used 6726K, committed 7296K, reserved 1048576K
}
Event: 75.257 GC heap after
{Heap after GC invocations=1539 (full 3):
 PSYoungGen      total 22528K, used 506K [0x00000000d5580000, 0x00000000d7700000, 0x0000000100000000)
  eden space 22016K, 0% used [0x00000000d5580000,0x00000000d5580000,0x00000000d6b00000)
  from space 512K, 98% used [0x00000000d7680000,0x00000000d76fe8d8,0x00000000d7700000)
  to   space 1536K, 0% used [0x00000000d7400000,0x00000000d7400000,0x00000000d7580000)
 ParOldGen       total 848896K, used 848444K [0x0000000080000000, 0x00000000b3d00000, 0x00000000d5580000)
  object space 848896K, 99% used [0x0000000080000000,0x00000000b3c8f378,0x00000000b3d00000)
 Metaspace       used 64780K, committed 66176K, reserved 1114112K
  class space    used 6726K, committed 7296K, reserved 1048576K
}
Event: 76.825 GC heap before
{Heap before GC invocations=1540 (full 3):
 PSYoungGen      total 22528K, used 22522K [0x00000000d5580000, 0x00000000d7700000, 0x0000000100000000)
  eden space 22016K, 100% used [0x00000000d5580000,0x00000000d6b00000,0x00000000d6b00000)
  from space 512K, 98% used [0x00000000d7680000,0x00000000d76fe8d8,0x00000000d7700000)
  to   space 1536K, 0% used [0x00000000d7400000,0x00000000d7400000,0x00000000d7580000)
 ParOldGen       total 848896K, used 848444K [0x0000000080000000, 0x00000000b3d00000, 0x00000000d5580000)
  object space 848896K, 99% used [0x0000000080000000,0x00000000b3c8f378,0x00000000b3d00000)
 Metaspace       used 65074K, committed 66560K, reserved 1114112K
  class space    used 6753K, committed 7360K, reserved 1048576K
}
Event: 76.830 GC heap after
{Heap after GC invocations=1540 (full 3):
 PSYoungGen      total 23552K, used 1494K [0x00000000d5580000, 0x00000000d7700000, 0x0000000100000000)
  eden space 22016K, 0% used [0x00000000d5580000,0x00000000d5580000,0x00000000d6b00000)
  from space 1536K, 97% used [0x00000000d7400000,0x00000000d7575a20,0x00000000d7580000)
  to   space 1536K, 0% used [0x00000000d7580000,0x00000000d7580000,0x00000000d7700000)
 ParOldGen       total 848896K, used 848780K [0x0000000080000000, 0x00000000b3d00000, 0x00000000d5580000)
  object space 848896K, 99% used [0x0000000080000000,0x00000000b3ce3378,0x00000000b3d00000)
 Metaspace       used 65074K, committed 66560K, reserved 1114112K
  class space    used 6753K, committed 7360K, reserved 1048576K
}
Event: 77.221 GC heap before
{Heap before GC invocations=1541 (full 3):
 PSYoungGen      total 23552K, used 23510K [0x00000000d5580000, 0x00000000d7700000, 0x0000000100000000)
  eden space 22016K, 100% used [0x00000000d5580000,0x00000000d6b00000,0x00000000d6b00000)
  from space 1536K, 97% used [0x00000000d7400000,0x00000000d7575a20,0x00000000d7580000)
  to   space 1536K, 0% used [0x00000000d7580000,0x00000000d7580000,0x00000000d7700000)
 ParOldGen       total 848896K, used 848780K [0x0000000080000000, 0x00000000b3d00000, 0x00000000d5580000)
  object space 848896K, 99% used [0x0000000080000000,0x00000000b3ce3378,0x00000000b3d00000)
 Metaspace       used 65214K, committed 66688K, reserved 1114112K
  class space    used 6760K, committed 7360K, reserved 1048576K
}
Event: 77.229 GC heap after
{Heap after GC invocations=1541 (full 3):
 PSYoungGen      total 23552K, used 1529K [0x00000000d5580000, 0x00000000d7700000, 0x0000000100000000)
  eden space 22016K, 0% used [0x00000000d5580000,0x00000000d5580000,0x00000000d6b00000)
  from space 1536K, 99% used [0x00000000d7580000,0x00000000d76fe5d8,0x00000000d7700000)
  to   space 5120K, 0% used [0x00000000d6d00000,0x00000000d6d00000,0x00000000d7200000)
 ParOldGen       total 851968K, used 851685K [0x0000000080000000, 0x00000000b4000000, 0x00000000d5580000)
  object space 851968K, 99% used [0x0000000080000000,0x00000000b3fb9638,0x00000000b4000000)
 Metaspace       used 65214K, committed 66688K, reserved 1114112K
  class space    used 6760K, committed 7360K, reserved 1048576K
}
Event: 78.537 GC heap before
{Heap before GC invocations=1542 (full 3):
 PSYoungGen      total 23552K, used 23545K [0x00000000d5580000, 0x00000000d7700000, 0x0000000100000000)
  eden space 22016K, 100% used [0x00000000d5580000,0x00000000d6b00000,0x00000000d6b00000)
  from space 1536K, 99% used [0x00000000d7580000,0x00000000d76fe5d8,0x00000000d7700000)
  to   space 5120K, 0% used [0x00000000d6d00000,0x00000000d6d00000,0x00000000d7200000)
 ParOldGen       total 851968K, used 851685K [0x0000000080000000, 0x00000000b4000000, 0x00000000d5580000)
  object space 851968K, 99% used [0x0000000080000000,0x00000000b3fb9638,0x00000000b4000000)
 Metaspace       used 65435K, committed 66880K, reserved 1114112K
  class space    used 6767K, committed 7360K, reserved 1048576K
}
Event: 78.568 GC heap after
{Heap after GC invocations=1542 (full 3):
 PSYoungGen      total 27136K, used 2858K [0x00000000d5580000, 0x00000000d7600000, 0x0000000100000000)
  eden space 22016K, 0% used [0x00000000d5580000,0x00000000d5580000,0x00000000d6b00000)
  from space 5120K, 55% used [0x00000000d6d00000,0x00000000d6fca9d0,0x00000000d7200000)
  to   space 3584K, 0% used [0x00000000d7280000,0x00000000d7280000,0x00000000d7600000)
 ParOldGen       total 853504K, used 853244K [0x0000000080000000, 0x00000000b4180000, 0x00000000d5580000)
  object space 853504K, 99% used [0x0000000080000000,0x00000000b413f278,0x00000000b4180000)
 Metaspace       used 65435K, committed 66880K, reserved 1114112K
  class space    used 6767K, committed 7360K, reserved 1048576K
}
Event: 80.926 GC heap before
{Heap before GC invocations=1543 (full 3):
 PSYoungGen      total 27136K, used 24874K [0x00000000d5580000, 0x00000000d7600000, 0x0000000100000000)
  eden space 22016K, 100% used [0x00000000d5580000,0x00000000d6b00000,0x00000000d6b00000)
  from space 5120K, 55% used [0x00000000d6d00000,0x00000000d6fca9d0,0x00000000d7200000)
  to   space 3584K, 0% used [0x00000000d7280000,0x00000000d7280000,0x00000000d7600000)
 ParOldGen       total 853504K, used 853244K [0x0000000080000000, 0x00000000b4180000, 0x00000000d5580000)
  object space 853504K, 99% used [0x0000000080000000,0x00000000b413f278,0x00000000b4180000)
 Metaspace       used 67107K, committed 68608K, reserved 1114112K
  class space    used 6911K, committed 7552K, reserved 1048576K
}
Event: 80.994 GC heap after
{Heap after GC invocations=1543 (full 3):
 PSYoungGen      total 23040K, used 3578K [0x00000000d5580000, 0x00000000d7f00000, 0x0000000100000000)
  eden space 19456K, 0% used [0x00000000d5580000,0x00000000d5580000,0x00000000d6880000)
  from space 3584K, 99% used [0x00000000d7280000,0x00000000d75feb30,0x00000000d7600000)
  to   space 10240K, 0% used [0x00000000d6880000,0x00000000d6880000,0x00000000d7280000)
 ParOldGen       total 859136K, used 858633K [0x0000000080000000, 0x00000000b4700000, 0x00000000d5580000)
  object space 859136K, 99% used [0x0000000080000000,0x00000000b4682610,0x00000000b4700000)
 Metaspace       used 67107K, committed 68608K, reserved 1114112K
  class space    used 6911K, committed 7552K, reserved 1048576K
}

