# JRE version: OpenJDK Runtime Environment Temurin-21.0.7+6 (21.0.7+6) (build 21.0.7+6-LTS)
# Java VM: OpenJDK 64-Bit Server VM Temurin-21.0.7+6 (21.0.7+6-LTS, mixed mode, sharing, tiered, compressed oops, compressed class ptrs, parallel gc, windows-amd64)
GC Precious Log:
 CardTable entry size: 512
 CPUs: 8 total, 8 available
 Memory: 7971M
 Large Page Support: Disabled
 NUMA Support: Disabled
 Compressed Oops: Enabled (32-bit)
 Alignments: Space 512K, Generation 512K, Heap 2M
 Heap Min Capacity: 100M
 Heap Initial Capacity: 100M
 Heap Max Capacity: 2G
 Pre-touch: Disabled
 Parallel Workers: 8
Heap:
 PSYoungGen      total 7168K, used 205K [0x00000000d5580000, 0x00000000d6600000, 0x0000000100000000)
  eden space 6144K, 3% used [0x00000000d5580000,0x00000000d55b3588,0x00000000d5b80000)
  from space 1024K, 0% used [0x00000000d6400000,0x00000000d6400000,0x00000000d6500000)
  to   space 512K, 0% used [0x00000000d6580000,0x00000000d6580000,0x00000000d6600000)
 ParOldGen       total 1033216K, used 206498K [0x0000000080000000, 0x00000000bf100000, 0x00000000d5580000)
  object space 1033216K, 19% used [0x0000000080000000,0x000000008c9a8860,0x00000000bf100000)
 Metaspace       used 75888K, committed 77504K, reserved 1179648K
  class space    used 7614K, committed 8320K, reserved 1048576K
GC Heap History (20 events):
Event: 62.689 GC heap before
{Heap before GC invocations=1220 (full 3):
 PSYoungGen      total 6144K, used 5788K [0x00000000d5580000, 0x00000000d5f80000, 0x0000000100000000)
  eden space 4608K, 99% used [0x00000000d5580000,0x00000000d59fffe8,0x00000000d5a00000)
  from space 1536K, 76% used [0x00000000d5e00000,0x00000000d5f273d8,0x00000000d5f80000)
  to   space 2560K, 0% used [0x00000000d5a80000,0x00000000d5a80000,0x00000000d5d00000)
 ParOldGen       total 986112K, used 985697K [0x0000000080000000, 0x00000000bc300000, 0x00000000d5580000)
  object space 986112K, 99% used [0x0000000080000000,0x00000000bc298538,0x00000000bc300000)
 Metaspace       used 74772K, committed 76352K, reserved 1179648K
  class space    used 7474K, committed 8192K, reserved 1048576K
}
Event: 62.694 GC heap after
{Heap after GC invocations=1220 (full 3):
 PSYoungGen      total 7680K, used 2548K [0x00000000d5580000, 0x00000000d6500000, 0x0000000100000000)
  eden space 5120K, 0% used [0x00000000d5580000,0x00000000d5580000,0x00000000d5a80000)
  from space 2560K, 99% used [0x00000000d5a80000,0x00000000d5cfd170,0x00000000d5d00000)
  to   space 5120K, 0% used [0x00000000d6000000,0x00000000d6000000,0x00000000d6500000)
 ParOldGen       total 987648K, used 987448K [0x0000000080000000, 0x00000000bc480000, 0x00000000d5580000)
  object space 987648K, 99% used [0x0000000080000000,0x00000000bc44e340,0x00000000bc480000)
 Metaspace       used 74772K, committed 76352K, reserved 1179648K
  class space    used 7474K, committed 8192K, reserved 1048576K
}
Event: 62.730 GC heap before
{Heap before GC invocations=1221 (full 3):
 PSYoungGen      total 7680K, used 7668K [0x00000000d5580000, 0x00000000d6500000, 0x0000000100000000)
  eden space 5120K, 100% used [0x00000000d5580000,0x00000000d5a80000,0x00000000d5a80000)
  from space 2560K, 99% used [0x00000000d5a80000,0x00000000d5cfd170,0x00000000d5d00000)
  to   space 5120K, 0% used [0x00000000d6000000,0x00000000d6000000,0x00000000d6500000)
 ParOldGen       total 987648K, used 987448K [0x0000000080000000, 0x00000000bc480000, 0x00000000d5580000)
  object space 987648K, 99% used [0x0000000080000000,0x00000000bc44e340,0x00000000bc480000)
 Metaspace       used 74779K, committed 76352K, reserved 1179648K
  class space    used 7474K, committed 8192K, reserved 1048576K
}
Event: 62.736 GC heap after
{Heap after GC invocations=1221 (full 3):
 PSYoungGen      total 10752K, used 4044K [0x00000000d5580000, 0x00000000d6480000, 0x0000000100000000)
  eden space 6144K, 0% used [0x00000000d5580000,0x00000000d5580000,0x00000000d5b80000)
  from space 4608K, 87% used [0x00000000d6000000,0x00000000d63f3130,0x00000000d6480000)
  to   space 4608K, 0% used [0x00000000d5b80000,0x00000000d5b80000,0x00000000d6000000)
 ParOldGen       total 990208K, used 990003K [0x0000000080000000, 0x00000000bc700000, 0x00000000d5580000)
  object space 990208K, 99% used [0x0000000080000000,0x00000000bc6ccd08,0x00000000bc700000)
 Metaspace       used 74779K, committed 76352K, reserved 1179648K
  class space    used 7474K, committed 8192K, reserved 1048576K
}
Event: 62.772 GC heap before
{Heap before GC invocations=1222 (full 3):
 PSYoungGen      total 10752K, used 10188K [0x00000000d5580000, 0x00000000d6480000, 0x0000000100000000)
  eden space 6144K, 100% used [0x00000000d5580000,0x00000000d5b80000,0x00000000d5b80000)
  from space 4608K, 87% used [0x00000000d6000000,0x00000000d63f3130,0x00000000d6480000)
  to   space 4608K, 0% used [0x00000000d5b80000,0x00000000d5b80000,0x00000000d6000000)
 ParOldGen       total 998400K, used 997683K [0x0000000080000000, 0x00000000bcf00000, 0x00000000d5580000)
  object space 998400K, 99% used [0x0000000080000000,0x00000000bce4cd18,0x00000000bcf00000)
 Metaspace       used 74785K, committed 76352K, reserved 1179648K
  class space    used 7474K, committed 8192K, reserved 1048576K
}
Event: 62.783 GC heap after
{Heap after GC invocations=1222 (full 3):
 PSYoungGen      total 10752K, used 4592K [0x00000000d5580000, 0x00000000d7100000, 0x0000000100000000)
  eden space 6144K, 0% used [0x00000000d5580000,0x00000000d5580000,0x00000000d5b80000)
  from space 4608K, 99% used [0x00000000d5b80000,0x00000000d5ffc020,0x00000000d6000000)
  to   space 10240K, 0% used [0x00000000d6700000,0x00000000d6700000,0x00000000d7100000)
 ParOldGen       total 1002496K, used 1002282K [0x0000000080000000, 0x00000000bd300000, 0x00000000d5580000)
  object space 1002496K, 99% used [0x0000000080000000,0x00000000bd2ca9c8,0x00000000bd300000)
 Metaspace       used 74785K, committed 76352K, reserved 1179648K
  class space    used 7474K, committed 8192K, reserved 1048576K
}
Event: 63.427 GC heap before
{Heap before GC invocations=1223 (full 3):
 PSYoungGen      total 10752K, used 10736K [0x00000000d5580000, 0x00000000d7100000, 0x0000000100000000)
  eden space 6144K, 100% used [0x00000000d5580000,0x00000000d5b80000,0x00000000d5b80000)
  from space 4608K, 99% used [0x00000000d5b80000,0x00000000d5ffc020,0x00000000d6000000)
  to   space 10240K, 0% used [0x00000000d6700000,0x00000000d6700000,0x00000000d7100000)
 ParOldGen       total 1026048K, used 1025322K [0x0000000080000000, 0x00000000bea00000, 0x00000000d5580000)
  object space 1026048K, 99% used [0x0000000080000000,0x00000000be94a9e8,0x00000000bea00000)
 Metaspace       used 74804K, committed 76416K, reserved 1179648K
  class space    used 7474K, committed 8192K, reserved 1048576K
}
Event: 63.437 GC heap after
{Heap after GC invocations=1223 (full 3):
 PSYoungGen      total 8192K, used 1786K [0x00000000d5580000, 0x00000000d6900000, 0x0000000100000000)
  eden space 6144K, 0% used [0x00000000d5580000,0x00000000d5580000,0x00000000d5b80000)
  from space 2048K, 87% used [0x00000000d6700000,0x00000000d68be900,0x00000000d6900000)
  to   space 4608K, 0% used [0x00000000d6000000,0x00000000d6000000,0x00000000d6480000)
 ParOldGen       total 1029632K, used 1029426K [0x0000000080000000, 0x00000000bed80000, 0x00000000d5580000)
  object space 1029632K, 99% used [0x0000000080000000,0x00000000bed4c9e8,0x00000000bed80000)
 Metaspace       used 74804K, committed 76416K, reserved 1179648K
  class space    used 7474K, committed 8192K, reserved 1048576K
}
Event: 63.468 GC heap before
{Heap before GC invocations=1224 (full 3):
 PSYoungGen      total 8192K, used 7930K [0x00000000d5580000, 0x00000000d6900000, 0x0000000100000000)
  eden space 6144K, 100% used [0x00000000d5580000,0x00000000d5b80000,0x00000000d5b80000)
  from space 2048K, 87% used [0x00000000d6700000,0x00000000d68be900,0x00000000d6900000)
  to   space 4608K, 0% used [0x00000000d6000000,0x00000000d6000000,0x00000000d6480000)
 ParOldGen       total 1029632K, used 1029426K [0x0000000080000000, 0x00000000bed80000, 0x00000000d5580000)
  object space 1029632K, 99% used [0x0000000080000000,0x00000000bed4c9e8,0x00000000bed80000)
 Metaspace       used 74807K, committed 76416K, reserved 1179648K
  class space    used 7474K, committed 8192K, reserved 1048576K
}
Event: 63.473 GC heap after
{Heap after GC invocations=1224 (full 3):
 PSYoungGen      total 10752K, used 980K [0x00000000d5580000, 0x00000000d6780000, 0x0000000100000000)
  eden space 6144K, 0% used [0x00000000d5580000,0x00000000d5580000,0x00000000d5b80000)
  from space 4608K, 21% used [0x00000000d6000000,0x00000000d60f5200,0x00000000d6480000)
  to   space 2048K, 0% used [0x00000000d6580000,0x00000000d6580000,0x00000000d6780000)
 ParOldGen       total 1031168K, used 1031023K [0x0000000080000000, 0x00000000bef00000, 0x00000000d5580000)
  object space 1031168K, 99% used [0x0000000080000000,0x00000000beedbc18,0x00000000bef00000)
 Metaspace       used 74807K, committed 76416K, reserved 1179648K
  class space    used 7474K, committed 8192K, reserved 1048576K
}
Event: 63.793 GC heap before
{Heap before GC invocations=1225 (full 3):
 PSYoungGen      total 10752K, used 7124K [0x00000000d5580000, 0x00000000d6780000, 0x0000000100000000)
  eden space 6144K, 100% used [0x00000000d5580000,0x00000000d5b80000,0x00000000d5b80000)
  from space 4608K, 21% used [0x00000000d6000000,0x00000000d60f5200,0x00000000d6480000)
  to   space 2048K, 0% used [0x00000000d6580000,0x00000000d6580000,0x00000000d6780000)
 ParOldGen       total 1031168K, used 1031023K [0x0000000080000000, 0x00000000bef00000, 0x00000000d5580000)
  object space 1031168K, 99% used [0x0000000080000000,0x00000000beedbc18,0x00000000bef00000)
 Metaspace       used 74827K, committed 76416K, reserved 1179648K
  class space    used 7474K, committed 8192K, reserved 1048576K
}
Event: 63.797 GC heap after
{Heap after GC invocations=1225 (full 3):
 PSYoungGen      total 7168K, used 826K [0x00000000d5580000, 0x00000000d6680000, 0x0000000100000000)
  eden space 6144K, 0% used [0x00000000d5580000,0x00000000d5580000,0x00000000d5b80000)
  from space 1024K, 80% used [0x00000000d6580000,0x00000000d664e900,0x00000000d6680000)
  to   space 1024K, 0% used [0x00000000d6480000,0x00000000d6480000,0x00000000d6580000)
 ParOldGen       total 1032192K, used 1031848K [0x0000000080000000, 0x00000000bf000000, 0x00000000d5580000)
  object space 1032192K, 99% used [0x0000000080000000,0x00000000befaa080,0x00000000bf000000)
 Metaspace       used 74827K, committed 76416K, reserved 1179648K
  class space    used 7474K, committed 8192K, reserved 1048576K
}
Event: 63.893 GC heap before
{Heap before GC invocations=1226 (full 3):
 PSYoungGen      total 7168K, used 6963K [0x00000000d5580000, 0x00000000d6680000, 0x0000000100000000)
  eden space 6144K, 99% used [0x00000000d5580000,0x00000000d5b7e5f0,0x00000000d5b80000)
  from space 1024K, 80% used [0x00000000d6580000,0x00000000d664e900,0x00000000d6680000)
  to   space 1024K, 0% used [0x00000000d6480000,0x00000000d6480000,0x00000000d6580000)
 ParOldGen       total 1032192K, used 1031848K [0x0000000080000000, 0x00000000bf000000, 0x00000000d5580000)
  object space 1032192K, 99% used [0x0000000080000000,0x00000000befaa080,0x00000000bf000000)
 Metaspace       used 75351K, committed 76992K, reserved 1179648K
  class space    used 7535K, committed 8256K, reserved 1048576K
}
Event: 63.896 GC heap after
{Heap after GC invocations=1226 (full 3):
 PSYoungGen      total 7168K, used 256K [0x00000000d5580000, 0x00000000d6600000, 0x0000000100000000)
  eden space 6144K, 0% used [0x00000000d5580000,0x00000000d5580000,0x00000000d5b80000)
  from space 1024K, 25% used [0x00000000d6480000,0x00000000d64c0000,0x00000000d6580000)
  to   space 512K, 0% used [0x00000000d6580000,0x00000000d6580000,0x00000000d6600000)
 ParOldGen       total 1032704K, used 1032496K [0x0000000080000000, 0x00000000bf080000, 0x00000000d5580000)
  object space 1032704K, 99% used [0x0000000080000000,0x00000000bf04c1a8,0x00000000bf080000)
 Metaspace       used 75351K, committed 76992K, reserved 1179648K
  class space    used 7535K, committed 8256K, reserved 1048576K
}
Event: 64.028 GC heap before
{Heap before GC invocations=1227 (full 3):
 PSYoungGen      total 7168K, used 6400K [0x00000000d5580000, 0x00000000d6600000, 0x0000000100000000)
  eden space 6144K, 100% used [0x00000000d5580000,0x00000000d5b80000,0x00000000d5b80000)
  from space 1024K, 25% used [0x00000000d6480000,0x00000000d64c0000,0x00000000d6580000)
  to   space 512K, 0% used [0x00000000d6580000,0x00000000d6580000,0x00000000d6600000)
 ParOldGen       total 1032704K, used 1032496K [0x0000000080000000, 0x00000000bf080000, 0x00000000d5580000)
  object space 1032704K, 99% used [0x0000000080000000,0x00000000bf04c1a8,0x00000000bf080000)
 Metaspace       used 75857K, committed 77504K, reserved 1179648K
  class space    used 7611K, committed 8320K, reserved 1048576K
}
Event: 64.032 GC heap after
{Heap after GC invocations=1227 (full 3):
 PSYoungGen      total 6656K, used 505K [0x00000000d5580000, 0x00000000d6600000, 0x0000000100000000)
  eden space 6144K, 0% used [0x00000000d5580000,0x00000000d5580000,0x00000000d5b80000)
  from space 512K, 98% used [0x00000000d6580000,0x00000000d65fe548,0x00000000d6600000)
  to   space 1024K, 0% used [0x00000000d6400000,0x00000000d6400000,0x00000000d6500000)
 ParOldGen       total 1032704K, used 1032600K [0x0000000080000000, 0x00000000bf080000, 0x00000000d5580000)
  object space 1032704K, 99% used [0x0000000080000000,0x00000000bf0661a8,0x00000000bf080000)
 Metaspace       used 75857K, committed 77504K, reserved 1179648K
  class space    used 7611K, committed 8320K, reserved 1048576K
}
Event: 64.204 GC heap before
{Heap before GC invocations=1228 (full 3):
 PSYoungGen      total 6656K, used 2211K [0x00000000d5580000, 0x00000000d6600000, 0x0000000100000000)
  eden space 6144K, 27% used [0x00000000d5580000,0x00000000d572a8c8,0x00000000d5b80000)
  from space 512K, 98% used [0x00000000d6580000,0x00000000d65fe548,0x00000000d6600000)
  to   space 1024K, 0% used [0x00000000d6400000,0x00000000d6400000,0x00000000d6500000)
 ParOldGen       total 1032704K, used 1032600K [0x0000000080000000, 0x00000000bf080000, 0x00000000d5580000)
  object space 1032704K, 99% used [0x0000000080000000,0x00000000bf0661a8,0x00000000bf080000)
 Metaspace       used 75895K, committed 77504K, reserved 1179648K
  class space    used 7616K, committed 8320K, reserved 1048576K
}
Event: 64.214 GC heap after
{Heap after GC invocations=1228 (full 3):
 PSYoungGen      total 7168K, used 224K [0x00000000d5580000, 0x00000000d6600000, 0x0000000100000000)
  eden space 6144K, 0% used [0x00000000d5580000,0x00000000d5580000,0x00000000d5b80000)
  from space 1024K, 21% used [0x00000000d6400000,0x00000000d6438000,0x00000000d6500000)
  to   space 512K, 0% used [0x00000000d6580000,0x00000000d6580000,0x00000000d6600000)
 ParOldGen       total 1033216K, used 1032888K [0x0000000080000000, 0x00000000bf100000, 0x00000000d5580000)
  object space 1033216K, 99% used [0x0000000080000000,0x00000000bf0ae310,0x00000000bf100000)
 Metaspace       used 75895K, committed 77504K, reserved 1179648K
  class space    used 7616K, committed 8320K, reserved 1048576K
}
Event: 64.214 GC heap before
{Heap before GC invocations=1229 (full 4):
 PSYoungGen      total 7168K, used 224K [0x00000000d5580000, 0x00000000d6600000, 0x0000000100000000)
  eden space 6144K, 0% used [0x00000000d5580000,0x00000000d5580000,0x00000000d5b80000)
  from space 1024K, 21% used [0x00000000d6400000,0x00000000d6438000,0x00000000d6500000)
  to   space 512K, 0% used [0x00000000d6580000,0x00000000d6580000,0x00000000d6600000)
 ParOldGen       total 1033216K, used 1032888K [0x0000000080000000, 0x00000000bf100000, 0x00000000d5580000)
  object space 1033216K, 99% used [0x0000000080000000,0x00000000bf0ae310,0x00000000bf100000)
 Metaspace       used 75895K, committed 77504K, reserved 1179648K
  class space    used 7616K, committed 8320K, reserved 1048576K
}
Event: 65.074 GC heap after
{Heap after GC invocations=1229 (full 4):
 PSYoungGen      total 7168K, used 0K [0x00000000d5580000, 0x00000000d6600000, 0x0000000100000000)
  eden space 6144K, 0% used [0x00000000d5580000,0x00000000d5580000,0x00000000d5b80000)
  from space 1024K, 0% used [0x00000000d6400000,0x00000000d6400000,0x00000000d6500000)
  to   space 512K, 0% used [0x00000000d6580000,0x00000000d6580000,0x00000000d6600000)
 ParOldGen       total 1033216K, used 206498K [0x0000000080000000, 0x00000000bf100000, 0x00000000d5580000)
  object space 1033216K, 19% used [0x0000000080000000,0x000000008c9a8860,0x00000000bf100000)
 Metaspace       used 75885K, committed 77504K, reserved 1179648K
  class space    used 7613K, committed 8320K, reserved 1048576K
}

