# JRE version: OpenJDK Runtime Environment Temurin-21.0.7+6 (21.0.7+6) (build 21.0.7+6-LTS)
# Java VM: OpenJDK 64-Bit Server VM Temurin-21.0.7+6 (21.0.7+6-LTS, mixed mode, sharing, tiered, compressed oops, compressed class ptrs, parallel gc, windows-amd64)
GC Precious Log:
 CardTable entry size: 512
 CPUs: 8 total, 8 available
 Memory: 7971M
 Large Page Support: Disabled
 NUMA Support: Disabled
 Compressed Oops: Enabled (32-bit)
 Alignments: Space 512K, Generation 512K, Heap 2M
 Heap Min Capacity: 100M
 Heap Initial Capacity: 100M
 Heap Max Capacity: 2G
 Pre-touch: Disabled
 Parallel Workers: 8
Heap:
 PSYoungGen      total 6144K, used 5477K [0x00000000d5580000, 0x00000000d5e00000, 0x0000000100000000)
  eden space 5120K, 91% used [0x00000000d5580000,0x00000000d5a164d0,0x00000000d5a80000)
  from space 1024K, 76% used [0x00000000d5d00000,0x00000000d5dc3008,0x00000000d5e00000)
  to   space 1536K, 0% used [0x00000000d5b00000,0x00000000d5b00000,0x00000000d5c80000)
 ParOldGen       total 340992K, used 340537K [0x0000000080000000, 0x0000000094d00000, 0x00000000d5580000)
  object space 340992K, 99% used [0x0000000080000000,0x0000000094c8e7f8,0x0000000094d00000)
 Metaspace       used 63863K, committed 65344K, reserved 1114112K
  class space    used 6639K, committed 7296K, reserved 1048576K
GC Heap History (20 events):
Event: 21.431 GC heap before
{Heap before GC invocations=478 (full 3):
 PSYoungGen      total 9216K, used 9177K [0x00000000d5580000, 0x00000000d6180000, 0x0000000100000000)
  eden space 6656K, 100% used [0x00000000d5580000,0x00000000d5c00000,0x00000000d5c00000)
  from space 2560K, 98% used [0x00000000d5f00000,0x00000000d61764a8,0x00000000d6180000)
  to   space 2560K, 0% used [0x00000000d5c00000,0x00000000d5c00000,0x00000000d5e80000)
 ParOldGen       total 323584K, used 323472K [0x0000000080000000, 0x0000000093c00000, 0x00000000d5580000)
  object space 323584K, 99% used [0x0000000080000000,0x0000000093be40e8,0x0000000093c00000)
 Metaspace       used 62330K, committed 63744K, reserved 1114112K
  class space    used 6447K, committed 7040K, reserved 1048576K
}
Event: 21.439 GC heap after
{Heap after GC invocations=478 (full 3):
 PSYoungGen      total 9216K, used 2270K [0x00000000d5580000, 0x00000000d6100000, 0x0000000100000000)
  eden space 6656K, 0% used [0x00000000d5580000,0x00000000d5580000,0x00000000d5c00000)
  from space 2560K, 88% used [0x00000000d5c00000,0x00000000d5e378a8,0x00000000d5e80000)
  to   space 2560K, 0% used [0x00000000d5e80000,0x00000000d5e80000,0x00000000d6100000)
 ParOldGen       total 326144K, used 325786K [0x0000000080000000, 0x0000000093e80000, 0x00000000d5580000)
  object space 326144K, 99% used [0x0000000080000000,0x0000000093e26800,0x0000000093e80000)
 Metaspace       used 62330K, committed 63744K, reserved 1114112K
  class space    used 6447K, committed 7040K, reserved 1048576K
}
Event: 21.461 GC heap before
{Heap before GC invocations=479 (full 3):
 PSYoungGen      total 9216K, used 8901K [0x00000000d5580000, 0x00000000d6100000, 0x0000000100000000)
  eden space 6656K, 99% used [0x00000000d5580000,0x00000000d5bf9d68,0x00000000d5c00000)
  from space 2560K, 88% used [0x00000000d5c00000,0x00000000d5e378a8,0x00000000d5e80000)
  to   space 2560K, 0% used [0x00000000d5e80000,0x00000000d5e80000,0x00000000d6100000)
 ParOldGen       total 326144K, used 325786K [0x0000000080000000, 0x0000000093e80000, 0x00000000d5580000)
  object space 326144K, 99% used [0x0000000080000000,0x0000000093e26800,0x0000000093e80000)
 Metaspace       used 62383K, committed 63808K, reserved 1114112K
  class space    used 6451K, committed 7040K, reserved 1048576K
}
Event: 21.466 GC heap after
{Heap after GC invocations=479 (full 3):
 PSYoungGen      total 6656K, used 2545K [0x00000000d5580000, 0x00000000d6600000, 0x0000000100000000)
  eden space 4096K, 0% used [0x00000000d5580000,0x00000000d5580000,0x00000000d5980000)
  from space 2560K, 99% used [0x00000000d5e80000,0x00000000d60fc5e0,0x00000000d6100000)
  to   space 5120K, 0% used [0x00000000d5980000,0x00000000d5980000,0x00000000d5e80000)
 ParOldGen       total 328192K, used 327939K [0x0000000080000000, 0x0000000094080000, 0x00000000d5580000)
  object space 328192K, 99% used [0x0000000080000000,0x0000000094040e30,0x0000000094080000)
 Metaspace       used 62383K, committed 63808K, reserved 1114112K
  class space    used 6451K, committed 7040K, reserved 1048576K
}
Event: 21.485 GC heap before
{Heap before GC invocations=480 (full 3):
 PSYoungGen      total 6656K, used 6641K [0x00000000d5580000, 0x00000000d6600000, 0x0000000100000000)
  eden space 4096K, 100% used [0x00000000d5580000,0x00000000d5980000,0x00000000d5980000)
  from space 2560K, 99% used [0x00000000d5e80000,0x00000000d60fc5e0,0x00000000d6100000)
  to   space 5120K, 0% used [0x00000000d5980000,0x00000000d5980000,0x00000000d5e80000)
 ParOldGen       total 328192K, used 327939K [0x0000000080000000, 0x0000000094080000, 0x00000000d5580000)
  object space 328192K, 99% used [0x0000000080000000,0x0000000094040e30,0x0000000094080000)
 Metaspace       used 62416K, committed 63808K, reserved 1114112K
  class space    used 6458K, committed 7040K, reserved 1048576K
}
Event: 21.488 GC heap after
{Heap after GC invocations=480 (full 3):
 PSYoungGen      total 5632K, used 1423K [0x00000000d5580000, 0x00000000d5f80000, 0x0000000100000000)
  eden space 4096K, 0% used [0x00000000d5580000,0x00000000d5580000,0x00000000d5980000)
  from space 1536K, 92% used [0x00000000d5980000,0x00000000d5ae3d10,0x00000000d5b00000)
  to   space 3072K, 0% used [0x00000000d5c80000,0x00000000d5c80000,0x00000000d5f80000)
 ParOldGen       total 330752K, used 330369K [0x0000000080000000, 0x0000000094300000, 0x00000000d5580000)
  object space 330752K, 99% used [0x0000000080000000,0x00000000942a0628,0x0000000094300000)
 Metaspace       used 62416K, committed 63808K, reserved 1114112K
  class space    used 6458K, committed 7040K, reserved 1048576K
}
Event: 21.497 GC heap before
{Heap before GC invocations=481 (full 3):
 PSYoungGen      total 5632K, used 5468K [0x00000000d5580000, 0x00000000d5f80000, 0x0000000100000000)
  eden space 4096K, 98% used [0x00000000d5580000,0x00000000d59736c8,0x00000000d5980000)
  from space 1536K, 92% used [0x00000000d5980000,0x00000000d5ae3d10,0x00000000d5b00000)
  to   space 3072K, 0% used [0x00000000d5c80000,0x00000000d5c80000,0x00000000d5f80000)
 ParOldGen       total 330752K, used 330369K [0x0000000080000000, 0x0000000094300000, 0x00000000d5580000)
  object space 330752K, 99% used [0x0000000080000000,0x00000000942a0628,0x0000000094300000)
 Metaspace       used 62481K, committed 63936K, reserved 1114112K
  class space    used 6461K, committed 7104K, reserved 1048576K
}
Event: 21.500 GC heap after
{Heap after GC invocations=481 (full 3):
 PSYoungGen      total 6144K, used 1649K [0x00000000d5580000, 0x00000000d5e80000, 0x0000000100000000)
  eden space 4096K, 0% used [0x00000000d5580000,0x00000000d5580000,0x00000000d5980000)
  from space 2048K, 80% used [0x00000000d5c80000,0x00000000d5e1c7e0,0x00000000d5e80000)
  to   space 2048K, 0% used [0x00000000d5a80000,0x00000000d5a80000,0x00000000d5c80000)
 ParOldGen       total 331776K, used 331317K [0x0000000080000000, 0x0000000094400000, 0x00000000d5580000)
  object space 331776K, 99% used [0x0000000080000000,0x000000009438d778,0x0000000094400000)
 Metaspace       used 62481K, committed 63936K, reserved 1114112K
  class space    used 6461K, committed 7104K, reserved 1048576K
}
Event: 21.507 GC heap before
{Heap before GC invocations=482 (full 3):
 PSYoungGen      total 6144K, used 5745K [0x00000000d5580000, 0x00000000d5e80000, 0x0000000100000000)
  eden space 4096K, 100% used [0x00000000d5580000,0x00000000d5980000,0x00000000d5980000)
  from space 2048K, 80% used [0x00000000d5c80000,0x00000000d5e1c7e0,0x00000000d5e80000)
  to   space 2048K, 0% used [0x00000000d5a80000,0x00000000d5a80000,0x00000000d5c80000)
 ParOldGen       total 331776K, used 331317K [0x0000000080000000, 0x0000000094400000, 0x00000000d5580000)
  object space 331776K, 99% used [0x0000000080000000,0x000000009438d778,0x0000000094400000)
 Metaspace       used 62550K, committed 64000K, reserved 1114112K
  class space    used 6477K, committed 7104K, reserved 1048576K
}
Event: 21.510 GC heap after
{Heap after GC invocations=482 (full 3):
 PSYoungGen      total 7168K, used 1720K [0x00000000d5580000, 0x00000000d5e80000, 0x0000000100000000)
  eden space 5120K, 0% used [0x00000000d5580000,0x00000000d5580000,0x00000000d5a80000)
  from space 2048K, 84% used [0x00000000d5a80000,0x00000000d5c2e220,0x00000000d5c80000)
  to   space 2048K, 0% used [0x00000000d5c80000,0x00000000d5c80000,0x00000000d5e80000)
 ParOldGen       total 332800K, used 332657K [0x0000000080000000, 0x0000000094500000, 0x00000000d5580000)
  object space 332800K, 99% used [0x0000000080000000,0x00000000944dc710,0x0000000094500000)
 Metaspace       used 62550K, committed 64000K, reserved 1114112K
  class space    used 6477K, committed 7104K, reserved 1048576K
}
Event: 21.546 GC heap before
{Heap before GC invocations=483 (full 3):
 PSYoungGen      total 7168K, used 6820K [0x00000000d5580000, 0x00000000d5e80000, 0x0000000100000000)
  eden space 5120K, 99% used [0x00000000d5580000,0x00000000d5a7ae98,0x00000000d5a80000)
  from space 2048K, 84% used [0x00000000d5a80000,0x00000000d5c2e220,0x00000000d5c80000)
  to   space 2048K, 0% used [0x00000000d5c80000,0x00000000d5c80000,0x00000000d5e80000)
 ParOldGen       total 332800K, used 332657K [0x0000000080000000, 0x0000000094500000, 0x00000000d5580000)
  object space 332800K, 99% used [0x0000000080000000,0x00000000944dc710,0x0000000094500000)
 Metaspace       used 62709K, committed 64128K, reserved 1114112K
  class space    used 6510K, committed 7104K, reserved 1048576K
}
Event: 21.550 GC heap after
{Heap after GC invocations=483 (full 3):
 PSYoungGen      total 7168K, used 1786K [0x00000000d5580000, 0x00000000d5e80000, 0x0000000100000000)
  eden space 5120K, 0% used [0x00000000d5580000,0x00000000d5580000,0x00000000d5a80000)
  from space 2048K, 87% used [0x00000000d5c80000,0x00000000d5e3eb10,0x00000000d5e80000)
  to   space 2048K, 0% used [0x00000000d5a80000,0x00000000d5a80000,0x00000000d5c80000)
 ParOldGen       total 334336K, used 334179K [0x0000000080000000, 0x0000000094680000, 0x00000000d5580000)
  object space 334336K, 99% used [0x0000000080000000,0x0000000094658f88,0x0000000094680000)
 Metaspace       used 62709K, committed 64128K, reserved 1114112K
  class space    used 6510K, committed 7104K, reserved 1048576K
}
Event: 21.562 GC heap before
{Heap before GC invocations=484 (full 3):
 PSYoungGen      total 7168K, used 6906K [0x00000000d5580000, 0x00000000d5e80000, 0x0000000100000000)
  eden space 5120K, 100% used [0x00000000d5580000,0x00000000d5a80000,0x00000000d5a80000)
  from space 2048K, 87% used [0x00000000d5c80000,0x00000000d5e3eb10,0x00000000d5e80000)
  to   space 2048K, 0% used [0x00000000d5a80000,0x00000000d5a80000,0x00000000d5c80000)
 ParOldGen       total 334336K, used 334179K [0x0000000080000000, 0x0000000094680000, 0x00000000d5580000)
  object space 334336K, 99% used [0x0000000080000000,0x0000000094658f88,0x0000000094680000)
 Metaspace       used 62754K, committed 64192K, reserved 1114112K
  class space    used 6511K, committed 7104K, reserved 1048576K
}
Event: 21.565 GC heap after
{Heap after GC invocations=484 (full 3):
 PSYoungGen      total 7168K, used 2025K [0x00000000d5580000, 0x00000000d5f80000, 0x0000000100000000)
  eden space 5120K, 0% used [0x00000000d5580000,0x00000000d5580000,0x00000000d5a80000)
  from space 2048K, 98% used [0x00000000d5a80000,0x00000000d5c7a788,0x00000000d5c80000)
  to   space 2560K, 0% used [0x00000000d5d00000,0x00000000d5d00000,0x00000000d5f80000)
 ParOldGen       total 335872K, used 335863K [0x0000000080000000, 0x0000000094800000, 0x00000000d5580000)
  object space 335872K, 99% used [0x0000000080000000,0x00000000947fde98,0x0000000094800000)
 Metaspace       used 62754K, committed 64192K, reserved 1114112K
  class space    used 6511K, committed 7104K, reserved 1048576K
}
Event: 21.605 GC heap before
{Heap before GC invocations=485 (full 3):
 PSYoungGen      total 7168K, used 7145K [0x00000000d5580000, 0x00000000d5f80000, 0x0000000100000000)
  eden space 5120K, 100% used [0x00000000d5580000,0x00000000d5a80000,0x00000000d5a80000)
  from space 2048K, 98% used [0x00000000d5a80000,0x00000000d5c7a788,0x00000000d5c80000)
  to   space 2560K, 0% used [0x00000000d5d00000,0x00000000d5d00000,0x00000000d5f80000)
 ParOldGen       total 335872K, used 335863K [0x0000000080000000, 0x0000000094800000, 0x00000000d5580000)
  object space 335872K, 99% used [0x0000000080000000,0x00000000947fde98,0x0000000094800000)
 Metaspace       used 62807K, committed 64320K, reserved 1114112K
  class space    used 6521K, committed 7168K, reserved 1048576K
}
Event: 21.608 GC heap after
{Heap after GC invocations=485 (full 3):
 PSYoungGen      total 7168K, used 1600K [0x00000000d5580000, 0x00000000d5f00000, 0x0000000100000000)
  eden space 5120K, 0% used [0x00000000d5580000,0x00000000d5580000,0x00000000d5a80000)
  from space 2048K, 78% used [0x00000000d5d00000,0x00000000d5e901d0,0x00000000d5f00000)
  to   space 2048K, 0% used [0x00000000d5a80000,0x00000000d5a80000,0x00000000d5c80000)
 ParOldGen       total 337920K, used 337692K [0x0000000080000000, 0x0000000094a00000, 0x00000000d5580000)
  object space 337920K, 99% used [0x0000000080000000,0x00000000949c73f0,0x0000000094a00000)
 Metaspace       used 62807K, committed 64320K, reserved 1114112K
  class space    used 6521K, committed 7168K, reserved 1048576K
}
Event: 21.681 GC heap before
{Heap before GC invocations=486 (full 3):
 PSYoungGen      total 7168K, used 6720K [0x00000000d5580000, 0x00000000d5f00000, 0x0000000100000000)
  eden space 5120K, 100% used [0x00000000d5580000,0x00000000d5a80000,0x00000000d5a80000)
  from space 2048K, 78% used [0x00000000d5d00000,0x00000000d5e901d0,0x00000000d5f00000)
  to   space 2048K, 0% used [0x00000000d5a80000,0x00000000d5a80000,0x00000000d5c80000)
 ParOldGen       total 337920K, used 337692K [0x0000000080000000, 0x0000000094a00000, 0x00000000d5580000)
  object space 337920K, 99% used [0x0000000080000000,0x00000000949c73f0,0x0000000094a00000)
 Metaspace       used 62896K, committed 64384K, reserved 1114112K
  class space    used 6546K, committed 7168K, reserved 1048576K
}
Event: 21.684 GC heap after
{Heap after GC invocations=486 (full 3):
 PSYoungGen      total 7168K, used 2046K [0x00000000d5580000, 0x00000000d5f80000, 0x0000000100000000)
  eden space 5120K, 0% used [0x00000000d5580000,0x00000000d5580000,0x00000000d5a80000)
  from space 2048K, 99% used [0x00000000d5a80000,0x00000000d5c7fbb8,0x00000000d5c80000)
  to   space 2560K, 0% used [0x00000000d5d00000,0x00000000d5d00000,0x00000000d5f80000)
 ParOldGen       total 339456K, used 339113K [0x0000000080000000, 0x0000000094b80000, 0x00000000d5580000)
  object space 339456K, 99% used [0x0000000080000000,0x0000000094b2a580,0x0000000094b80000)
 Metaspace       used 62896K, committed 64384K, reserved 1114112K
  class space    used 6546K, committed 7168K, reserved 1048576K
}
Event: 21.847 GC heap before
{Heap before GC invocations=487 (full 3):
 PSYoungGen      total 7168K, used 7166K [0x00000000d5580000, 0x00000000d5f80000, 0x0000000100000000)
  eden space 5120K, 100% used [0x00000000d5580000,0x00000000d5a80000,0x00000000d5a80000)
  from space 2048K, 99% used [0x00000000d5a80000,0x00000000d5c7fbb8,0x00000000d5c80000)
  to   space 2560K, 0% used [0x00000000d5d00000,0x00000000d5d00000,0x00000000d5f80000)
 ParOldGen       total 339456K, used 339113K [0x0000000080000000, 0x0000000094b80000, 0x00000000d5580000)
  object space 339456K, 99% used [0x0000000080000000,0x0000000094b2a580,0x0000000094b80000)
 Metaspace       used 63416K, committed 64960K, reserved 1114112K
  class space    used 6596K, committed 7232K, reserved 1048576K
}
Event: 21.853 GC heap after
{Heap after GC invocations=487 (full 3):
 PSYoungGen      total 6144K, used 780K [0x00000000d5580000, 0x00000000d5e00000, 0x0000000100000000)
  eden space 5120K, 0% used [0x00000000d5580000,0x00000000d5580000,0x00000000d5a80000)
  from space 1024K, 76% used [0x00000000d5d00000,0x00000000d5dc3008,0x00000000d5e00000)
  to   space 1536K, 0% used [0x00000000d5b00000,0x00000000d5b00000,0x00000000d5c80000)
 ParOldGen       total 340992K, used 340537K [0x0000000080000000, 0x0000000094d00000, 0x00000000d5580000)
  object space 340992K, 99% used [0x0000000080000000,0x0000000094c8e7f8,0x0000000094d00000)
 Metaspace       used 63416K, committed 64960K, reserved 1114112K
  class space    used 6596K, committed 7232K, reserved 1048576K
}

