# JRE version: OpenJDK Runtime Environment Temurin-21.0.7+6 (21.0.7+6) (build 21.0.7+6-LTS)
# Java VM: OpenJDK 64-Bit Server VM Temurin-21.0.7+6 (21.0.7+6-LTS, mixed mode, sharing, tiered, compressed oops, compressed class ptrs, parallel gc, windows-amd64)
GC Precious Log:
 CardTable entry size: 512
 CPUs: 8 total, 8 available
 Memory: 7971M
 Large Page Support: Disabled
 NUMA Support: Disabled
 Compressed Oops: Enabled (32-bit)
 Alignments: Space 512K, Generation 512K, Heap 2M
 Heap Min Capacity: 100M
 Heap Initial Capacity: 100M
 Heap Max Capacity: 2G
 Pre-touch: Disabled
 Parallel Workers: 8
Heap:
 PSYoungGen      total 8192K, used 4907K [0x00000000d5580000, 0x00000000d6480000, 0x0000000100000000)
  eden space 6144K, 49% used [0x00000000d5580000,0x00000000d5876320,0x00000000d5b80000)
  from space 2048K, 91% used [0x00000000d6280000,0x00000000d6454a48,0x00000000d6480000)
  to   space 3584K, 0% used [0x00000000d5d80000,0x00000000d5d80000,0x00000000d6100000)
 ParOldGen       total 836608K, used 836594K [0x0000000080000000, 0x00000000b3100000, 0x00000000d5580000)
  object space 836608K, 99% used [0x0000000080000000,0x00000000b30fc9a8,0x00000000b3100000)
 Metaspace       used 83675K, committed 85440K, reserved 1179648K
  class space    used 8454K, committed 9216K, reserved 1048576K
GC Heap History (20 events):
Event: 498.180 GC heap before
{Heap before GC invocations=1397 (full 6):
 PSYoungGen      total 7680K, used 7130K [0x00000000d5580000, 0x00000000d6100000, 0x0000000100000000)
  eden space 4096K, 92% used [0x00000000d5580000,0x00000000d592ea08,0x00000000d5980000)
  from space 3584K, 93% used [0x00000000d5d00000,0x00000000d6048000,0x00000000d6080000)
  to   space 3584K, 0% used [0x00000000d5980000,0x00000000d5980000,0x00000000d5d00000)
 ParOldGen       total 823296K, used 822135K [0x0000000080000000, 0x00000000b2400000, 0x00000000d5580000)
  object space 823296K, 99% used [0x0000000080000000,0x00000000b22ddff8,0x00000000b2400000)
 Metaspace       used 83417K, committed 85184K, reserved 1179648K
  class space    used 8431K, committed 9216K, reserved 1048576K
}
Event: 498.184 GC heap after
{Heap after GC invocations=1397 (full 6):
 PSYoungGen      total 7680K, used 3024K [0x00000000d5580000, 0x00000000d6180000, 0x0000000100000000)
  eden space 4096K, 0% used [0x00000000d5580000,0x00000000d5580000,0x00000000d5980000)
  from space 3584K, 84% used [0x00000000d5980000,0x00000000d5c74010,0x00000000d5d00000)
  to   space 3584K, 0% used [0x00000000d5e00000,0x00000000d5e00000,0x00000000d6180000)
 ParOldGen       total 825856K, used 825407K [0x0000000080000000, 0x00000000b2680000, 0x00000000d5580000)
  object space 825856K, 99% used [0x0000000080000000,0x00000000b260fff8,0x00000000b2680000)
 Metaspace       used 83417K, committed 85184K, reserved 1179648K
  class space    used 8431K, committed 9216K, reserved 1048576K
}
Event: 498.703 GC heap before
{Heap before GC invocations=1398 (full 6):
 PSYoungGen      total 7680K, used 7119K [0x00000000d5580000, 0x00000000d6180000, 0x0000000100000000)
  eden space 4096K, 99% used [0x00000000d5580000,0x00000000d597ffe0,0x00000000d5980000)
  from space 3584K, 84% used [0x00000000d5980000,0x00000000d5c74010,0x00000000d5d00000)
  to   space 3584K, 0% used [0x00000000d5e00000,0x00000000d5e00000,0x00000000d6180000)
 ParOldGen       total 825856K, used 825407K [0x0000000080000000, 0x00000000b2680000, 0x00000000d5580000)
  object space 825856K, 99% used [0x0000000080000000,0x00000000b260fff8,0x00000000b2680000)
 Metaspace       used 83426K, committed 85184K, reserved 1179648K
  class space    used 8431K, committed 9216K, reserved 1048576K
}
Event: 498.706 GC heap after
{Heap after GC invocations=1398 (full 6):
 PSYoungGen      total 6656K, used 1396K [0x00000000d5580000, 0x00000000d5f80000, 0x0000000100000000)
  eden space 5120K, 0% used [0x00000000d5580000,0x00000000d5580000,0x00000000d5a80000)
  from space 1536K, 90% used [0x00000000d5e00000,0x00000000d5f5d210,0x00000000d5f80000)
  to   space 2048K, 0% used [0x00000000d5b80000,0x00000000d5b80000,0x00000000d5d80000)
 ParOldGen       total 828416K, used 827935K [0x0000000080000000, 0x00000000b2900000, 0x00000000d5580000)
  object space 828416K, 99% used [0x0000000080000000,0x00000000b2887ff8,0x00000000b2900000)
 Metaspace       used 83426K, committed 85184K, reserved 1179648K
  class space    used 8431K, committed 9216K, reserved 1048576K
}
Event: 498.717 GC heap before
{Heap before GC invocations=1399 (full 6):
 PSYoungGen      total 6656K, used 6516K [0x00000000d5580000, 0x00000000d5f80000, 0x0000000100000000)
  eden space 5120K, 100% used [0x00000000d5580000,0x00000000d5a80000,0x00000000d5a80000)
  from space 1536K, 90% used [0x00000000d5e00000,0x00000000d5f5d210,0x00000000d5f80000)
  to   space 2048K, 0% used [0x00000000d5b80000,0x00000000d5b80000,0x00000000d5d80000)
 ParOldGen       total 828416K, used 827935K [0x0000000080000000, 0x00000000b2900000, 0x00000000d5580000)
  object space 828416K, 99% used [0x0000000080000000,0x00000000b2887ff8,0x00000000b2900000)
 Metaspace       used 83430K, committed 85184K, reserved 1179648K
  class space    used 8431K, committed 9216K, reserved 1048576K
}
Event: 498.720 GC heap after
{Heap after GC invocations=1399 (full 6):
 PSYoungGen      total 8192K, used 490K [0x00000000d5580000, 0x00000000d5e80000, 0x0000000100000000)
  eden space 6144K, 0% used [0x00000000d5580000,0x00000000d5580000,0x00000000d5b80000)
  from space 2048K, 23% used [0x00000000d5b80000,0x00000000d5bfa910,0x00000000d5d80000)
  to   space 1024K, 0% used [0x00000000d5d80000,0x00000000d5d80000,0x00000000d5e80000)
 ParOldGen       total 828928K, used 828911K [0x0000000080000000, 0x00000000b2980000, 0x00000000d5580000)
  object space 828928K, 99% used [0x0000000080000000,0x00000000b297bff8,0x00000000b2980000)
 Metaspace       used 83430K, committed 85184K, reserved 1179648K
  class space    used 8431K, committed 9216K, reserved 1048576K
}
Event: 499.008 GC heap before
{Heap before GC invocations=1400 (full 6):
 PSYoungGen      total 8192K, used 6634K [0x00000000d5580000, 0x00000000d5e80000, 0x0000000100000000)
  eden space 6144K, 100% used [0x00000000d5580000,0x00000000d5b80000,0x00000000d5b80000)
  from space 2048K, 23% used [0x00000000d5b80000,0x00000000d5bfa910,0x00000000d5d80000)
  to   space 1024K, 0% used [0x00000000d5d80000,0x00000000d5d80000,0x00000000d5e80000)
 ParOldGen       total 828928K, used 828911K [0x0000000080000000, 0x00000000b2980000, 0x00000000d5580000)
  object space 828928K, 99% used [0x0000000080000000,0x00000000b297bff8,0x00000000b2980000)
 Metaspace       used 83433K, committed 85184K, reserved 1179648K
  class space    used 8431K, committed 9216K, reserved 1048576K
}
Event: 499.009 GC heap after
{Heap after GC invocations=1400 (full 6):
 PSYoungGen      total 7168K, used 538K [0x00000000d5580000, 0x00000000d5e80000, 0x0000000100000000)
  eden space 6144K, 0% used [0x00000000d5580000,0x00000000d5580000,0x00000000d5b80000)
  from space 1024K, 52% used [0x00000000d5d80000,0x00000000d5e06900,0x00000000d5e80000)
  to   space 1024K, 0% used [0x00000000d5c80000,0x00000000d5c80000,0x00000000d5d80000)
 ParOldGen       total 829440K, used 828935K [0x0000000080000000, 0x00000000b2a00000, 0x00000000d5580000)
  object space 829440K, 99% used [0x0000000080000000,0x00000000b2981ff8,0x00000000b2a00000)
 Metaspace       used 83433K, committed 85184K, reserved 1179648K
  class space    used 8431K, committed 9216K, reserved 1048576K
}
Event: 500.782 GC heap before
{Heap before GC invocations=1401 (full 6):
 PSYoungGen      total 7168K, used 6682K [0x00000000d5580000, 0x00000000d5e80000, 0x0000000100000000)
  eden space 6144K, 100% used [0x00000000d5580000,0x00000000d5b80000,0x00000000d5b80000)
  from space 1024K, 52% used [0x00000000d5d80000,0x00000000d5e06900,0x00000000d5e80000)
  to   space 1024K, 0% used [0x00000000d5c80000,0x00000000d5c80000,0x00000000d5d80000)
 ParOldGen       total 829440K, used 828935K [0x0000000080000000, 0x00000000b2a00000, 0x00000000d5580000)
  object space 829440K, 99% used [0x0000000080000000,0x00000000b2981ff8,0x00000000b2a00000)
 Metaspace       used 83438K, committed 85184K, reserved 1179648K
  class space    used 8431K, committed 9216K, reserved 1048576K
}
Event: 500.784 GC heap after
{Heap after GC invocations=1401 (full 6):
 PSYoungGen      total 7168K, used 570K [0x00000000d5580000, 0x00000000d5e00000, 0x0000000100000000)
  eden space 6144K, 0% used [0x00000000d5580000,0x00000000d5580000,0x00000000d5b80000)
  from space 1024K, 55% used [0x00000000d5c80000,0x00000000d5d0e900,0x00000000d5d80000)
  to   space 512K, 0% used [0x00000000d5d80000,0x00000000d5d80000,0x00000000d5e00000)
 ParOldGen       total 829440K, used 828983K [0x0000000080000000, 0x00000000b2a00000, 0x00000000d5580000)
  object space 829440K, 99% used [0x0000000080000000,0x00000000b298dff8,0x00000000b2a00000)
 Metaspace       used 83438K, committed 85184K, reserved 1179648K
  class space    used 8431K, committed 9216K, reserved 1048576K
}
Event: 501.717 GC heap before
{Heap before GC invocations=1402 (full 6):
 PSYoungGen      total 7168K, used 6714K [0x00000000d5580000, 0x00000000d5e00000, 0x0000000100000000)
  eden space 6144K, 100% used [0x00000000d5580000,0x00000000d5b80000,0x00000000d5b80000)
  from space 1024K, 55% used [0x00000000d5c80000,0x00000000d5d0e900,0x00000000d5d80000)
  to   space 512K, 0% used [0x00000000d5d80000,0x00000000d5d80000,0x00000000d5e00000)
 ParOldGen       total 829440K, used 828983K [0x0000000080000000, 0x00000000b2a00000, 0x00000000d5580000)
  object space 829440K, 99% used [0x0000000080000000,0x00000000b298dff8,0x00000000b2a00000)
 Metaspace       used 83446K, committed 85184K, reserved 1179648K
  class space    used 8431K, committed 9216K, reserved 1048576K
}
Event: 501.720 GC heap after
{Heap after GC invocations=1402 (full 6):
 PSYoungGen      total 6656K, used 481K [0x00000000d5580000, 0x00000000d5f80000, 0x0000000100000000)
  eden space 6144K, 0% used [0x00000000d5580000,0x00000000d5580000,0x00000000d5b80000)
  from space 512K, 94% used [0x00000000d5d80000,0x00000000d5df86c8,0x00000000d5e00000)
  to   space 2048K, 0% used [0x00000000d5b80000,0x00000000d5b80000,0x00000000d5d80000)
 ParOldGen       total 830464K, used 830303K [0x0000000080000000, 0x00000000b2b00000, 0x00000000d5580000)
  object space 830464K, 99% used [0x0000000080000000,0x00000000b2ad7dc0,0x00000000b2b00000)
 Metaspace       used 83446K, committed 85184K, reserved 1179648K
  class space    used 8431K, committed 9216K, reserved 1048576K
}
Event: 501.744 GC heap before
{Heap before GC invocations=1403 (full 6):
 PSYoungGen      total 6656K, used 6625K [0x00000000d5580000, 0x00000000d5f80000, 0x0000000100000000)
  eden space 6144K, 100% used [0x00000000d5580000,0x00000000d5b80000,0x00000000d5b80000)
  from space 512K, 94% used [0x00000000d5d80000,0x00000000d5df86c8,0x00000000d5e00000)
  to   space 2048K, 0% used [0x00000000d5b80000,0x00000000d5b80000,0x00000000d5d80000)
 ParOldGen       total 830464K, used 830303K [0x0000000080000000, 0x00000000b2b00000, 0x00000000d5580000)
  object space 830464K, 99% used [0x0000000080000000,0x00000000b2ad7dc0,0x00000000b2b00000)
 Metaspace       used 83446K, committed 85184K, reserved 1179648K
  class space    used 8431K, committed 9216K, reserved 1048576K
}
Event: 501.749 GC heap after
{Heap after GC invocations=1403 (full 6):
 PSYoungGen      total 8192K, used 2030K [0x00000000d5580000, 0x00000000d6480000, 0x0000000100000000)
  eden space 6144K, 0% used [0x00000000d5580000,0x00000000d5580000,0x00000000d5b80000)
  from space 2048K, 99% used [0x00000000d5b80000,0x00000000d5d7bb90,0x00000000d5d80000)
  to   space 4608K, 0% used [0x00000000d6000000,0x00000000d6000000,0x00000000d6480000)
 ParOldGen       total 832512K, used 832163K [0x0000000080000000, 0x00000000b2d00000, 0x00000000d5580000)
  object space 832512K, 99% used [0x0000000080000000,0x00000000b2ca8fc0,0x00000000b2d00000)
 Metaspace       used 83446K, committed 85184K, reserved 1179648K
  class space    used 8431K, committed 9216K, reserved 1048576K
}
Event: 502.313 GC heap before
{Heap before GC invocations=1404 (full 6):
 PSYoungGen      total 8192K, used 7971K [0x00000000d5580000, 0x00000000d6480000, 0x0000000100000000)
  eden space 6144K, 96% used [0x00000000d5580000,0x00000000d5b4d168,0x00000000d5b80000)
  from space 2048K, 99% used [0x00000000d5b80000,0x00000000d5d7bb90,0x00000000d5d80000)
  to   space 4608K, 0% used [0x00000000d6000000,0x00000000d6000000,0x00000000d6480000)
 ParOldGen       total 832512K, used 832163K [0x0000000080000000, 0x00000000b2d00000, 0x00000000d5580000)
  object space 832512K, 99% used [0x0000000080000000,0x00000000b2ca8fc0,0x00000000b2d00000)
 Metaspace       used 83449K, committed 85184K, reserved 1179648K
  class space    used 8431K, committed 9216K, reserved 1048576K
}
Event: 502.315 GC heap after
{Heap after GC invocations=1404 (full 6):
 PSYoungGen      total 7680K, used 1181K [0x00000000d5580000, 0x00000000d6180000, 0x0000000100000000)
  eden space 6144K, 0% used [0x00000000d5580000,0x00000000d5580000,0x00000000d5b80000)
  from space 1536K, 76% used [0x00000000d6000000,0x00000000d61277d0,0x00000000d6180000)
  to   space 2560K, 0% used [0x00000000d5c80000,0x00000000d5c80000,0x00000000d5f00000)
 ParOldGen       total 833024K, used 832779K [0x0000000080000000, 0x00000000b2d80000, 0x00000000d5580000)
  object space 833024K, 99% used [0x0000000080000000,0x00000000b2d42fc0,0x00000000b2d80000)
 Metaspace       used 83449K, committed 85184K, reserved 1179648K
  class space    used 8431K, committed 9216K, reserved 1048576K
}
Event: 502.333 GC heap before
{Heap before GC invocations=1405 (full 6):
 PSYoungGen      total 7680K, used 7325K [0x00000000d5580000, 0x00000000d6180000, 0x0000000100000000)
  eden space 6144K, 100% used [0x00000000d5580000,0x00000000d5b80000,0x00000000d5b80000)
  from space 1536K, 76% used [0x00000000d6000000,0x00000000d61277d0,0x00000000d6180000)
  to   space 2560K, 0% used [0x00000000d5c80000,0x00000000d5c80000,0x00000000d5f00000)
 ParOldGen       total 833024K, used 832779K [0x0000000080000000, 0x00000000b2d80000, 0x00000000d5580000)
  object space 833024K, 99% used [0x0000000080000000,0x00000000b2d42fc0,0x00000000b2d80000)
 Metaspace       used 83449K, committed 85184K, reserved 1179648K
  class space    used 8431K, committed 9216K, reserved 1048576K
}
Event: 502.337 GC heap after
{Heap after GC invocations=1405 (full 6):
 PSYoungGen      total 8704K, used 2545K [0x00000000d5580000, 0x00000000d6980000, 0x0000000100000000)
  eden space 6144K, 0% used [0x00000000d5580000,0x00000000d5580000,0x00000000d5b80000)
  from space 2560K, 99% used [0x00000000d5c80000,0x00000000d5efc5b8,0x00000000d5f00000)
  to   space 7168K, 0% used [0x00000000d6280000,0x00000000d6280000,0x00000000d6980000)
 ParOldGen       total 836608K, used 836498K [0x0000000080000000, 0x00000000b3100000, 0x00000000d5580000)
  object space 836608K, 99% used [0x0000000080000000,0x00000000b30e49a8,0x00000000b3100000)
 Metaspace       used 83449K, committed 85184K, reserved 1179648K
  class space    used 8431K, committed 9216K, reserved 1048576K
}
Event: 502.352 GC heap before
{Heap before GC invocations=1406 (full 6):
 PSYoungGen      total 8704K, used 8689K [0x00000000d5580000, 0x00000000d6980000, 0x0000000100000000)
  eden space 6144K, 100% used [0x00000000d5580000,0x00000000d5b80000,0x00000000d5b80000)
  from space 2560K, 99% used [0x00000000d5c80000,0x00000000d5efc5b8,0x00000000d5f00000)
  to   space 7168K, 0% used [0x00000000d6280000,0x00000000d6280000,0x00000000d6980000)
 ParOldGen       total 836608K, used 836498K [0x0000000080000000, 0x00000000b3100000, 0x00000000d5580000)
  object space 836608K, 99% used [0x0000000080000000,0x00000000b30e49a8,0x00000000b3100000)
 Metaspace       used 83450K, committed 85184K, reserved 1179648K
  class space    used 8432K, committed 9216K, reserved 1048576K
}
Event: 502.354 GC heap after
{Heap after GC invocations=1406 (full 6):
 PSYoungGen      total 8192K, used 1874K [0x00000000d5580000, 0x00000000d6480000, 0x0000000100000000)
  eden space 6144K, 0% used [0x00000000d5580000,0x00000000d5580000,0x00000000d5b80000)
  from space 2048K, 91% used [0x00000000d6280000,0x00000000d6454a48,0x00000000d6480000)
  to   space 3584K, 0% used [0x00000000d5d80000,0x00000000d5d80000,0x00000000d6100000)
 ParOldGen       total 836608K, used 836594K [0x0000000080000000, 0x00000000b3100000, 0x00000000d5580000)
  object space 836608K, 99% used [0x0000000080000000,0x00000000b30fc9a8,0x00000000b3100000)
 Metaspace       used 83450K, committed 85184K, reserved 1179648K
  class space    used 8432K, committed 9216K, reserved 1048576K
}

